This is pdfTeX, Version 3.141592653-2.6-1.40.22 (TeX Live 2022/dev/Debian) (preloaded format=pdflatex 2023.10.13)  12 MAR 2024 13:28
entering extended mode
 restricted \write18 enabled.
 file:line:error style messages enabled.
 %&-line parsing enabled.
**/home/christian/Documents/BDA_proj_rooftiles/data_analysis_report_document/template.tex
(/home/christian/Documents/BDA_proj_rooftiles/data_analysis_report_document/template.tex
LaTeX2e <2021-11-15> patch level 1
L3 programming layer <2022-01-21> (./CSSullivanBusinessReport.cls
Document Class: CSSullivanBusinessReport 2022/05/05 Creodocs Sullivan Business Report Class v1.0
(/usr/share/texlive/texmf-dist/tex/latex/etoolbox/etoolbox.sty
Package: etoolbox 2020/10/05 v2.5k e-TeX tools for LaTeX (JAW)
\etb@tempcnta=\count185
) (/usr/share/texlive/texmf-dist/tex/latex/base/article.cls
Document Class: article 2021/10/04 v1.4n Standard LaTeX document class
(/usr/share/texlive/texmf-dist/tex/latex/base/size12.clo
File: size12.clo 2021/10/04 v1.4n Standard LaTeX file (size option)
)
\c@part=\count186
\c@section=\count187
\c@subsection=\count188
\c@subsubsection=\count189
\c@paragraph=\count190
\c@subparagraph=\count191
\c@figure=\count192
\c@table=\count193
\abovecaptionskip=\skip47
\belowcaptionskip=\skip48
\bibindent=\dimen138
) (/usr/share/texlive/texmf-dist/tex/latex/graphics/graphicx.sty
Package: graphicx 2021/09/16 v1.2d Enhanced LaTeX Graphics (DPC,SPQR)
 (/usr/share/texlive/texmf-dist/tex/latex/graphics/keyval.sty
Package: keyval 2014/10/28 v1.15 key=value parser (DPC)
\KV@toks@=\toks16
) (/usr/share/texlive/texmf-dist/tex/latex/graphics/graphics.sty
Package: graphics 2021/03/04 v1.4d Standard LaTeX Graphics (DPC,SPQR)
 (/usr/share/texlive/texmf-dist/tex/latex/graphics/trig.sty
Package: trig 2021/08/11 v1.11 sin cos tan (DPC)
) (/usr/share/texlive/texmf-dist/tex/latex/graphics-cfg/graphics.cfg
File: graphics.cfg 2016/06/04 v1.11 sample graphics configuration
)
Package graphics Info: Driver file: pdftex.def on input line 107.
 (/usr/share/texlive/texmf-dist/tex/latex/graphics-def/pdftex.def
File: pdftex.def 2020/10/05 v1.2a Graphics/color driver for pdftex
))
\Gin@req@height=\dimen139
\Gin@req@width=\dimen140
) (/usr/share/texlive/texmf-dist/tex/latex/caption/subcaption.sty
Package: subcaption 2020/10/07 v1.3j Sub-captions (AR)
 (/usr/share/texlive/texmf-dist/tex/latex/caption/caption.sty
Package: caption 2020/10/26 v3.5g Customizing captions (AR)
 (/usr/share/texlive/texmf-dist/tex/latex/caption/caption3.sty
Package: caption3 2020/10/21 v2.2e caption3 kernel (AR)
\captionmargin=\dimen141
\captionmargin@=\dimen142
\captionwidth=\dimen143
\caption@tempdima=\dimen144
\caption@indent=\dimen145
\caption@parindent=\dimen146
\caption@hangindent=\dimen147
Package caption Info: Standard document class detected.
)
\c@caption@flags=\count194
\c@continuedfloat=\count195
)
\c@subfigure=\count196
\c@subtable=\count197
) (/usr/share/texlive/texmf-dist/tex/latex/footmisc/footmisc.sty
Package: footmisc 2011/06/06 v5.5b a miscellany of footnote facilities
\FN@temptoken=\toks17
\footnotemargin=\dimen148
\c@pp@next@reset=\count198
Package footmisc Info: Declaring symbol style bringhurst on input line 855.
Package footmisc Info: Declaring symbol style chicago on input line 863.
Package footmisc Info: Declaring symbol style wiley on input line 872.
Package footmisc Info: Declaring symbol style lamport-robust on input line 883.
Package footmisc Info: Declaring symbol style lamport* on input line 903.
Package footmisc Info: Declaring symbol style lamport*-robust on input line 924.
) (/usr/share/texlive/texmf-dist/tex/latex/ragged2e/ragged2e.sty
Package: ragged2e 2021/12/15 v3.1 ragged2e Package
\CenteringLeftskip=\skip49
\RaggedLeftLeftskip=\skip50
\RaggedRightLeftskip=\skip51
\CenteringRightskip=\skip52
\RaggedLeftRightskip=\skip53
\RaggedRightRightskip=\skip54
\CenteringParfillskip=\skip55
\RaggedLeftParfillskip=\skip56
\RaggedRightParfillskip=\skip57
\JustifyingParfillskip=\skip58
\CenteringParindent=\skip59
\RaggedLeftParindent=\skip60
\RaggedRightParindent=\skip61
\JustifyingParindent=\skip62
) (/usr/share/texlive/texmf-dist/tex/latex/lastpage/lastpage.sty
Package: lastpage 2021/09/03 v1.2n Refers to last page's name (HMM; JPG)
) (/usr/share/texlive/texmf-dist/tex/latex/appendix/appendix.sty
Package: appendix 2020/02/08 v1.2c extra appendix facilities
\c@@pps=\count199
\c@@ppsavesec=\count266
\c@@ppsaveapp=\count267
) (/usr/share/texlive/texmf-dist/tex/latex/float/float.sty
Package: float 2001/11/08 v1.3d Float enhancements (AL)
\c@float@type=\count268
\float@exts=\toks18
\float@box=\box50
\@float@everytoks=\toks19
\@floatcapt=\box51
) (/usr/share/texlive/texmf-dist/tex/latex/geometry/geometry.sty
Package: geometry 2020/01/02 v5.9 Page Geometry
 (/usr/share/texlive/texmf-dist/tex/generic/iftex/ifvtex.sty
Package: ifvtex 2019/10/25 v1.7 ifvtex legacy package. Use iftex instead.
 (/usr/share/texlive/texmf-dist/tex/generic/iftex/iftex.sty
Package: iftex 2020/03/06 v1.0d TeX engine tests
))
\Gm@cnth=\count269
\Gm@cntv=\count270
\c@Gm@tempcnt=\count271
\Gm@bindingoffset=\dimen149
\Gm@wd@mp=\dimen150
\Gm@odd@mp=\dimen151
\Gm@even@mp=\dimen152
\Gm@layoutwidth=\dimen153
\Gm@layoutheight=\dimen154
\Gm@layouthoffset=\dimen155
\Gm@layoutvoffset=\dimen156
\Gm@dimlist=\toks20
) (/usr/share/texlive/texmf-dist/tex/latex/sidenotes/sidenotes.sty (/usr/share/texlive/texmf-dist/tex/latex/l3packages/l3keys2e/l3keys2e.sty (/usr/share/texlive/texmf-dist/tex/latex/l3kernel/expl3.sty
Package: expl3 2022-01-21 L3 programming layer (loader) 
 (/usr/share/texlive/texmf-dist/tex/latex/l3backend/l3backend-pdftex.def
File: l3backend-pdftex.def 2022-01-12 L3 backend support: PDF output (pdfTeX)
\l__color_backend_stack_int=\count272
\l__pdf_internal_box=\box52
))
Package: l3keys2e 2022-01-12 LaTeX2e option processing using LaTeX3 keys
)
Package: sidenotes 2016/04/21 v1.00 rich text in the margin for LaTeX
 (/usr/share/texlive/texmf-dist/tex/latex/marginnote/marginnote.sty
Package: marginnote 2018/08/09 v1.4b non floating margin notes for LaTeX
\c@mn@abspage=\count273
) (/usr/share/texlive/texmf-dist/tex/latex/l3packages/xparse/xparse.sty
Package: xparse 2022-01-12 L3 Experimental document command parser
) (/usr/share/texlive/texmf-dist/tex/latex/changepage/changepage.sty
Package: changepage 2009/10/20 v1.0c check page and change page layout
\c@cp@cntr=\count274
\cp@tempcnt=\count275
)
\c@sidenote=\count276
\@sidenotes@marginfigurebox=\box53
\@sidenotes@margintablebox=\box54
)
\fulltextwidth=\skip63
 (/usr/share/texlive/texmf-dist/tex/latex/base/inputenc.sty
Package: inputenc 2021/02/14 v1.3d Input encoding file
\inpenc@prehook=\toks21
\inpenc@posthook=\toks22
) (/usr/share/texlive/texmf-dist/tex/latex/base/fontenc.sty
Package: fontenc 2021/04/29 v2.0v Standard LaTeX package
) (/usr/share/texlive/texmf-dist/tex/latex/psnfss/mathpazo.sty
Package: mathpazo 2020/03/25 PSNFSS-v9.3 Palatino w/ Pazo Math (D.Puga, WaS) 
\symupright=\mathgroup4
) (./plex-sans.sty
Package: plex-sans 2023/09/30 (Bob Tennent) Style file for IBMPlexSans fonts
 (/usr/share/texlive/texmf-dist/tex/generic/iftex/ifxetex.sty
Package: ifxetex 2019/10/25 v0.7 ifxetex legacy package. Use iftex instead.
) (/usr/share/texlive/texmf-dist/tex/generic/iftex/ifluatex.sty
Package: ifluatex 2019/10/25 v1.5 ifluatex legacy package. Use iftex instead.
) (/usr/share/texlive/texmf-dist/tex/latex/xkeyval/xkeyval.sty
Package: xkeyval 2020/11/20 v2.8 package option processing (HA)
 (/usr/share/texlive/texmf-dist/tex/generic/xkeyval/xkeyval.tex (/usr/share/texlive/texmf-dist/tex/generic/xkeyval/xkvutils.tex
\XKV@toks=\toks23
\XKV@tempa@toks=\toks24
)
\XKV@depth=\count277
File: xkeyval.tex 2014/12/03 v2.7a key=value parser (HA)
)) (/usr/share/texlive/texmf-dist/tex/latex/base/textcomp.sty
Package: textcomp 2020/02/02 v2.0n Standard LaTeX package
) (/usr/share/texlive/texmf-dist/tex/latex/base/fontenc.sty
Package: fontenc 2021/04/29 v2.0v Standard LaTeX package
LaTeX Font Info:    Trying to load font information for T1+ppl on input line 112.
 (/usr/share/texlive/texmf-dist/tex/latex/psnfss/t1ppl.fd
File: t1ppl.fd 2001/06/04 font definitions for T1/ppl.
)) (/usr/share/texlive/texmf-dist/tex/latex/fontaxes/fontaxes.sty
Package: fontaxes 2020/07/21 v1.0e Font selection axes
LaTeX Info: Redefining \upshape on input line 29.
LaTeX Info: Redefining \itshape on input line 31.
LaTeX Info: Redefining \slshape on input line 33.
LaTeX Info: Redefining \swshape on input line 35.
LaTeX Info: Redefining \scshape on input line 37.
LaTeX Info: Redefining \sscshape on input line 39.
LaTeX Info: Redefining \ulcshape on input line 41.
LaTeX Info: Redefining \textsw on input line 47.
LaTeX Info: Redefining \textssc on input line 48.
LaTeX Info: Redefining \textulc on input line 49.
)) (./plex-serif.sty
Package: plex-serif 2023/09/30 (Bob Tennent) Style file for IBMPlexSerif fonts
 (/usr/share/texlive/texmf-dist/tex/latex/base/fontenc.sty
Package: fontenc 2021/04/29 v2.0v Standard LaTeX package
LaTeX Font Info:    Trying to load font information for T1+IBMPlexSans-TLF on input line 112.
LaTeX Font Info:    No file T1IBMPlexSans-TLF.fd. on input line 112.


LaTeX Font Warning: Font shape `T1/IBMPlexSans-TLF/m/n' undefined
(Font)              using `T1/cmr/m/n' instead on input line 112.

)
LaTeX Info: Redefining \textsu on input line 80.
) (./plex-mono.sty
Package: plex-mono 2023/09/30 (Bob Tennent) Style file for IBMPlexMono fonts
 (/usr/share/texlive/texmf-dist/tex/latex/base/fontenc.sty
Package: fontenc 2021/04/29 v2.0v Standard LaTeX package
)) (/usr/share/texlive/texmf-dist/tex/latex/fancyhdr/fancyhdr.sty
Package: fancyhdr 2021/01/28 v4.0.1 Extensive control of page headers and footers
\f@nch@headwidth=\skip64
\f@nch@O@elh=\skip65
\f@nch@O@erh=\skip66
\f@nch@O@olh=\skip67
\f@nch@O@orh=\skip68
\f@nch@O@elf=\skip69
\f@nch@O@erf=\skip70
\f@nch@O@olf=\skip71
\f@nch@O@orf=\skip72
) (/usr/share/texlive/texmf-dist/tex/latex/tools/calc.sty
Package: calc 2017/05/25 v4.3 Infix arithmetic (KKT,FJ)
\calc@Acount=\count278
\calc@Bcount=\count279
\calc@Adimen=\dimen157
\calc@Bdimen=\dimen158
\calc@Askip=\skip73
\calc@Bskip=\skip74
LaTeX Info: Redefining \setlength on input line 80.
LaTeX Info: Redefining \addtolength on input line 81.
\calc@Ccount=\count280
\calc@Cskip=\skip75
)
\marginoffset=\skip76
 (/usr/share/texlive/texmf-dist/tex/latex/titlesec/titlesec.sty
Package: titlesec 2021/07/05 v2.14 Sectioning titles
\ttl@box=\box55
\beforetitleunit=\skip77
\aftertitleunit=\skip78
\ttl@plus=\dimen159
\ttl@minus=\dimen160
\ttl@toksa=\toks25
\titlewidth=\dimen161
\titlewidthlast=\dimen162
\titlewidthfirst=\dimen163
) (/usr/share/texlive/texmf-dist/tex/latex/titlesec/titletoc.sty
Package: titletoc 2021/07/05 v2.14 TOC entries
\ttl@leftsep=\dimen164
) (/usr/share/texlive/texmf-dist/tex/latex/xcolor/xcolor.sty
Package: xcolor 2021/10/31 v2.13 LaTeX color extensions (UK)
 (/usr/share/texlive/texmf-dist/tex/latex/graphics-cfg/color.cfg
File: color.cfg 2016/01/02 v1.6 sample color configuration
)
Package xcolor Info: Package option `usenames' ignored on input line 218.
Package xcolor Info: Driver file: pdftex.def on input line 227.
Package xcolor Info: Model `cmy' substituted by `cmy0' on input line 1352.
Package xcolor Info: Model `hsb' substituted by `rgb' on input line 1356.
Package xcolor Info: Model `RGB' extended on input line 1368.
Package xcolor Info: Model `HTML' substituted by `rgb' on input line 1370.
Package xcolor Info: Model `Hsb' substituted by `hsb' on input line 1371.
Package xcolor Info: Model `tHsb' substituted by `hsb' on input line 1372.
Package xcolor Info: Model `HSB' substituted by `hsb' on input line 1373.
Package xcolor Info: Model `Gray' substituted by `gray' on input line 1374.
Package xcolor Info: Model `wave' substituted by `hsb' on input line 1375.
 (/usr/share/texlive/texmf-dist/tex/latex/xcolor/svgnam.def
File: svgnam.def 2021/10/31 v2.13 Predefined colors according to SVG 1.1 (UK)
)) (/usr/share/texlive/texmf-dist/tex/latex/biblatex/biblatex.sty
Package: biblatex 2022/02/02 v3.17 programmable bibliographies (PK/MW)
 (/usr/share/texlive/texmf-dist/tex/generic/pdftexcmds/pdftexcmds.sty
Package: pdftexcmds 2020-06-27 v0.33 Utility functions of pdfTeX for LuaTeX (HO)
 (/usr/share/texlive/texmf-dist/tex/generic/infwarerr/infwarerr.sty
Package: infwarerr 2019/12/03 v1.5 Providing info/warning/error messages (HO)
) (/usr/share/texlive/texmf-dist/tex/generic/ltxcmds/ltxcmds.sty
Package: ltxcmds 2020-05-10 v1.25 LaTeX kernel commands for general use (HO)
)
Package pdftexcmds Info: \pdf@primitive is available.
Package pdftexcmds Info: \pdf@ifprimitive is available.
Package pdftexcmds Info: \pdfdraftmode found.
) (/usr/share/texlive/texmf-dist/tex/latex/kvoptions/kvoptions.sty
Package: kvoptions 2020-10-07 v3.14 Key value format for package options (HO)
 (/usr/share/texlive/texmf-dist/tex/generic/kvsetkeys/kvsetkeys.sty
Package: kvsetkeys 2019/12/15 v1.18 Key value parser (HO)
)) (/usr/share/texlive/texmf-dist/tex/latex/logreq/logreq.sty
Package: logreq 2010/08/04 v1.0 xml request logger
\lrq@indent=\count281
 (/usr/share/texlive/texmf-dist/tex/latex/logreq/logreq.def
File: logreq.def 2010/08/04 v1.0 logreq spec v1.0
)) (/usr/share/texlive/texmf-dist/tex/latex/base/ifthen.sty
Package: ifthen 2020/11/24 v1.1c Standard LaTeX ifthen package (DPC)
) (/usr/share/texlive/texmf-dist/tex/latex/url/url.sty
\Urlmuskip=\muskip16
Package: url 2013/09/16  ver 3.4  Verb mode for urls, etc.
)
\c@tabx@nest=\count282
\c@listtotal=\count283
\c@listcount=\count284
\c@liststart=\count285
\c@liststop=\count286
\c@citecount=\count287
\c@citetotal=\count288
\c@multicitecount=\count289
\c@multicitetotal=\count290
\c@instcount=\count291
\c@maxnames=\count292
\c@minnames=\count293
\c@maxitems=\count294
\c@minitems=\count295
\c@citecounter=\count296
\c@maxcitecounter=\count297
\c@savedcitecounter=\count298
\c@uniquelist=\count299
\c@uniquename=\count300
\c@refsection=\count301
\c@refsegment=\count302
\c@maxextratitle=\count303
\c@maxextratitleyear=\count304
\c@maxextraname=\count305
\c@maxextradate=\count306
\c@maxextraalpha=\count307
\c@abbrvpenalty=\count308
\c@highnamepenalty=\count309
\c@lownamepenalty=\count310
\c@maxparens=\count311
\c@parenlevel=\count312
\blx@tempcnta=\count313
\blx@tempcntb=\count314
\blx@tempcntc=\count315
\c@blx@maxsection=\count316
\c@blx@maxsegment@0=\count317
\blx@notetype=\count318
\blx@parenlevel@text=\count319
\blx@parenlevel@foot=\count320
\c@blx@sectionciteorder@0=\count321
\blx@entrysetcounter=\count322
\blx@biblioinstance=\count323
\labelnumberwidth=\skip79
\labelalphawidth=\skip80
\biblabelsep=\skip81
\bibitemsep=\skip82
\bibnamesep=\skip83
\bibinitsep=\skip84
\bibparsep=\skip85
\bibhang=\skip86
\blx@bcfin=\read2
\blx@bcfout=\write3
\blx@langwohyphens=\language7
\c@mincomprange=\count324
\c@maxcomprange=\count325
\c@mincompwidth=\count326
Package biblatex Info: Trying to load biblatex default data model...
Package biblatex Info: ... file 'blx-dm.def' found.
 (/usr/share/texlive/texmf-dist/tex/latex/biblatex/blx-dm.def
File: blx-dm.def 2022/02/02 v3.17 biblatex localization (PK/MW)
)
Package biblatex Info: Trying to load biblatex citestyle data model...
Package biblatex Info: ... file 'numeric.dbx' not found.
Package biblatex Info: Trying to load biblatex custom data model...
Package biblatex Info: ... file 'biblatex-dm.cfg' not found.
\c@afterword=\count327
\c@savedafterword=\count328
\c@annotator=\count329
\c@savedannotator=\count330
\c@author=\count331
\c@savedauthor=\count332
\c@bookauthor=\count333
\c@savedbookauthor=\count334
\c@commentator=\count335
\c@savedcommentator=\count336
\c@editor=\count337
\c@savededitor=\count338
\c@editora=\count339
\c@savededitora=\count340
\c@editorb=\count341
\c@savededitorb=\count342
\c@editorc=\count343
\c@savededitorc=\count344
\c@foreword=\count345
\c@savedforeword=\count346
\c@holder=\count347
\c@savedholder=\count348
\c@introduction=\count349
\c@savedintroduction=\count350
\c@namea=\count351
\c@savednamea=\count352
\c@nameb=\count353
\c@savednameb=\count354
\c@namec=\count355
\c@savednamec=\count356
\c@translator=\count357
\c@savedtranslator=\count358
\c@shortauthor=\count359
\c@savedshortauthor=\count360
\c@shorteditor=\count361
\c@savedshorteditor=\count362
\c@labelname=\count363
\c@savedlabelname=\count364
\c@institution=\count365
\c@savedinstitution=\count366
\c@lista=\count367
\c@savedlista=\count368
\c@listb=\count369
\c@savedlistb=\count370
\c@listc=\count371
\c@savedlistc=\count372
\c@listd=\count373
\c@savedlistd=\count374
\c@liste=\count375
\c@savedliste=\count376
\c@listf=\count377
\c@savedlistf=\count378
\c@location=\count379
\c@savedlocation=\count380
\c@organization=\count381
\c@savedorganization=\count382
\c@origlocation=\count383
\c@savedoriglocation=\count384
\c@origpublisher=\count385
\c@savedorigpublisher=\count386
\c@publisher=\count387
\c@savedpublisher=\count388
\c@language=\count389
\c@savedlanguage=\count390
\c@origlanguage=\count391
\c@savedoriglanguage=\count392
\c@pageref=\count393
\c@savedpageref=\count394
\shorthandwidth=\skip87
\shortjournalwidth=\skip88
\shortserieswidth=\skip89
\shorttitlewidth=\skip90
\shortauthorwidth=\skip91
\shorteditorwidth=\skip92
\locallabelnumberwidth=\skip93
\locallabelalphawidth=\skip94
\localshorthandwidth=\skip95
\localshortjournalwidth=\skip96
\localshortserieswidth=\skip97
\localshorttitlewidth=\skip98
\localshortauthorwidth=\skip99
\localshorteditorwidth=\skip100
Package biblatex Info: Trying to load compatibility code...
Package biblatex Info: ... file 'blx-compat.def' found.
 (/usr/share/texlive/texmf-dist/tex/latex/biblatex/blx-compat.def
File: blx-compat.def 2022/02/02 v3.17 biblatex compatibility (PK/MW)
)
Package biblatex Info: Trying to load generic definitions...
Package biblatex Info: ... file 'biblatex.def' found.
 (/usr/share/texlive/texmf-dist/tex/latex/biblatex/biblatex.def
File: biblatex.def 2022/02/02 v3.17 biblatex compatibility (PK/MW)
\c@textcitecount=\count395
\c@textcitetotal=\count396
\c@textcitemaxnames=\count397
\c@biburlbigbreakpenalty=\count398
\c@biburlbreakpenalty=\count399
\c@biburlnumpenalty=\count400
\c@biburlucpenalty=\count401
\c@biburllcpenalty=\count402
\biburlbigskip=\muskip17
\biburlnumskip=\muskip18
\biburlucskip=\muskip19
\biburllcskip=\muskip20
\c@smartand=\count403
)
Package biblatex Info: Trying to load bibliography style 'numeric'...
Package biblatex Info: ... file 'numeric.bbx' found.
 (/usr/share/texlive/texmf-dist/tex/latex/biblatex/bbx/numeric.bbx
File: numeric.bbx 2022/02/02 v3.17 biblatex bibliography style (PK/MW)
Package biblatex Info: Trying to load bibliography style 'standard'...
Package biblatex Info: ... file 'standard.bbx' found.
 (/usr/share/texlive/texmf-dist/tex/latex/biblatex/bbx/standard.bbx
File: standard.bbx 2022/02/02 v3.17 biblatex bibliography style (PK/MW)
\c@bbx:relatedcount=\count404
\c@bbx:relatedtotal=\count405
))
Package biblatex Info: Trying to load citation style 'numeric'...
Package biblatex Info: ... file 'numeric.cbx' found.
 (/usr/share/texlive/texmf-dist/tex/latex/biblatex/cbx/numeric.cbx
File: numeric.cbx 2022/02/02 v3.17 biblatex citation style (PK/MW)
Package biblatex Info: Redefining '\cite'.
Package biblatex Info: Redefining '\parencite'.
Package biblatex Info: Redefining '\footcite'.
Package biblatex Info: Redefining '\footcitetext'.
Package biblatex Info: Redefining '\smartcite'.
Package biblatex Info: Redefining '\supercite'.
Package biblatex Info: Redefining '\textcite'.
Package biblatex Info: Redefining '\textcites'.
Package biblatex Info: Redefining '\cites'.
Package biblatex Info: Redefining '\parencites'.
Package biblatex Info: Redefining '\smartcites'.
)
Package biblatex Info: Trying to load configuration file...
Package biblatex Info: ... file 'biblatex.cfg' found.
 (/usr/share/texlive/texmf-dist/tex/latex/biblatex/biblatex.cfg
File: biblatex.cfg 
)
Package biblatex Info: Input encoding 'utf8' detected.
Package biblatex Info: Document encoding is UTF8 ....
Package biblatex Info: ... and expl3
(biblatex)             2022-01-21 L3 programming layer (loader) 
(biblatex)             is new enough (at least 2020/04/06),
(biblatex)             setting 'casechanger=expl3'.
 (/usr/share/texlive/texmf-dist/tex/latex/biblatex/blx-case-expl3.sty
Package: blx-case-expl3 2022/02/02 v3.17 expl3 case changing code for biblatex
)) (/usr/share/texlive/texmf-dist/tex/latex/booktabs/booktabs.sty
Package: booktabs 2020/01/12 v1.61803398 Publication quality tables
\heavyrulewidth=\dimen165
\lightrulewidth=\dimen166
\cmidrulewidth=\dimen167
\belowrulesep=\dimen168
\belowbottomsep=\dimen169
\aboverulesep=\dimen170
\abovetopsep=\dimen171
\cmidrulesep=\dimen172
\cmidrulekern=\dimen173
\defaultaddspace=\dimen174
\@cmidla=\count406
\@cmidlb=\count407
\@aboverulesep=\dimen175
\@belowrulesep=\dimen176
\@thisruleclass=\count408
\@lastruleclass=\count409
\@thisrulewidth=\dimen177
) (/usr/share/texlive/texmf-dist/tex/latex/tools/array.sty
Package: array 2021/10/04 v2.5f Tabular extension package (FMi)
\col@sep=\dimen178
\ar@mcellbox=\box56
\extrarowheight=\dimen179
\NC@list=\toks26
\extratabsurround=\skip101
\backup@length=\skip102
\ar@cellbox=\box57
) (/usr/share/texlive/texmf-dist/tex/latex/enumitem/enumitem.sty
Package: enumitem 2019/06/20 v3.9 Customized lists
\labelindent=\skip103
\enit@outerparindent=\dimen180
\enit@toks=\toks27
\enit@inbox=\box58
\enit@count@id=\count410
\enitdp@description=\count411
) (/usr/share/texlive/texmf-dist/tex/latex/hyperref/hyperref.sty
Package: hyperref 2021-06-07 v7.00m Hypertext links for LaTeX
 (/usr/share/texlive/texmf-dist/tex/generic/kvdefinekeys/kvdefinekeys.sty
Package: kvdefinekeys 2019-12-19 v1.6 Define keys (HO)
) (/usr/share/texlive/texmf-dist/tex/generic/pdfescape/pdfescape.sty
Package: pdfescape 2019/12/09 v1.15 Implements pdfTeX's escape features (HO)
) (/usr/share/texlive/texmf-dist/tex/latex/hycolor/hycolor.sty
Package: hycolor 2020-01-27 v1.10 Color options for hyperref/bookmark (HO)
) (/usr/share/texlive/texmf-dist/tex/latex/letltxmacro/letltxmacro.sty
Package: letltxmacro 2019/12/03 v1.6 Let assignment for LaTeX macros (HO)
) (/usr/share/texlive/texmf-dist/tex/latex/auxhook/auxhook.sty
Package: auxhook 2019-12-17 v1.6 Hooks for auxiliary files (HO)
)
\@linkdim=\dimen181
\Hy@linkcounter=\count412
\Hy@pagecounter=\count413
 (/usr/share/texlive/texmf-dist/tex/latex/hyperref/pd1enc.def
File: pd1enc.def 2021-06-07 v7.00m Hyperref: PDFDocEncoding definition (HO)
Now handling font encoding PD1 ...
... no UTF-8 mapping file for font encoding PD1
) (/usr/share/texlive/texmf-dist/tex/latex/hyperref/hyperref-langpatches.def
File: hyperref-langpatches.def 2021-06-07 v7.00m Hyperref: patches for babel languages
) (/usr/share/texlive/texmf-dist/tex/generic/intcalc/intcalc.sty
Package: intcalc 2019/12/15 v1.3 Expandable calculations with integers (HO)
) (/usr/share/texlive/texmf-dist/tex/generic/etexcmds/etexcmds.sty
Package: etexcmds 2019/12/15 v1.7 Avoid name clashes with e-TeX commands (HO)
)
\Hy@SavedSpaceFactor=\count414
 (/usr/share/texlive/texmf-dist/tex/latex/hyperref/puenc.def
File: puenc.def 2021-06-07 v7.00m Hyperref: PDF Unicode definition (HO)
Now handling font encoding PU ...
... no UTF-8 mapping file for font encoding PU
)
Package hyperref Info: Hyper figures OFF on input line 4192.
Package hyperref Info: Link nesting OFF on input line 4197.
Package hyperref Info: Hyper index ON on input line 4200.
Package hyperref Info: Plain pages OFF on input line 4207.
Package hyperref Info: Backreferencing OFF on input line 4212.
Package hyperref Info: Implicit mode ON; LaTeX internals redefined.
Package hyperref Info: Bookmarks ON on input line 4445.
\c@Hy@tempcnt=\count415
LaTeX Info: Redefining \url on input line 4804.
\XeTeXLinkMargin=\dimen182
 (/usr/share/texlive/texmf-dist/tex/generic/bitset/bitset.sty
Package: bitset 2019/12/09 v1.3 Handle bit-vector datatype (HO)
 (/usr/share/texlive/texmf-dist/tex/generic/bigintcalc/bigintcalc.sty
Package: bigintcalc 2019/12/15 v1.5 Expandable calculations on big integers (HO)
))
\Fld@menulength=\count416
\Field@Width=\dimen183
\Fld@charsize=\dimen184
Package hyperref Info: Hyper figures OFF on input line 6076.
Package hyperref Info: Link nesting OFF on input line 6081.
Package hyperref Info: Hyper index ON on input line 6084.
Package hyperref Info: backreferencing OFF on input line 6091.
Package hyperref Info: Link coloring OFF on input line 6096.
Package hyperref Info: Link coloring with OCG OFF on input line 6101.
Package hyperref Info: PDF/A mode OFF on input line 6106.
LaTeX Info: Redefining \ref on input line 6146.
LaTeX Info: Redefining \pageref on input line 6150.
 (/usr/share/texlive/texmf-dist/tex/latex/base/atbegshi-ltx.sty
Package: atbegshi-ltx 2021/01/10 v1.0c Emulation of the original atbegshi
package with kernel methods
)
\Hy@abspage=\count417
\c@Item=\count418
\c@Hfootnote=\count419
)
Package hyperref Info: Driver (autodetected): hpdftex.
 (/usr/share/texlive/texmf-dist/tex/latex/hyperref/hpdftex.def
File: hpdftex.def 2021-06-07 v7.00m Hyperref driver for pdfTeX
 (/usr/share/texlive/texmf-dist/tex/latex/base/atveryend-ltx.sty
Package: atveryend-ltx 2020/08/19 v1.0a Emulation of the original atveryend package
with kernel methods
)
\Fld@listcount=\count420
\c@bookmark@seq@number=\count421
 (/usr/share/texlive/texmf-dist/tex/latex/rerunfilecheck/rerunfilecheck.sty
Package: rerunfilecheck 2019/12/05 v1.9 Rerun checks for auxiliary files (HO)
 (/usr/share/texlive/texmf-dist/tex/generic/uniquecounter/uniquecounter.sty
Package: uniquecounter 2019/12/15 v1.4 Provide unlimited unique counter (HO)
)
Package uniquecounter Info: New unique counter `rerunfilecheck' on input line 286.
)
\Hy@SectionHShift=\skip104
)
Package hyperref Info: Option `colorlinks' set `true' on input line 330.
 (/usr/share/texlive/texmf-dist/tex/latex/listings/listings.sty
\lst@mode=\count422
\lst@gtempboxa=\box59
\lst@token=\toks28
\lst@length=\count423
\lst@currlwidth=\dimen185
\lst@column=\count424
\lst@pos=\count425
\lst@lostspace=\dimen186
\lst@width=\dimen187
\lst@newlines=\count426
\lst@lineno=\count427
\lst@maxwidth=\dimen188
 (/usr/share/texlive/texmf-dist/tex/latex/listings/lstmisc.sty
File: lstmisc.sty 2020/03/24 1.8d (Carsten Heinz)
\c@lstnumber=\count428
\lst@skipnumbers=\count429
\lst@framebox=\box60
) (/usr/share/texlive/texmf-dist/tex/latex/listings/listings.cfg
File: listings.cfg 2020/03/24 1.8d listings configuration
))
Package: listings 2020/03/24 1.8d (Carsten Heinz)
)
\@quotelevel=\count430
\@quotereset=\count431
 (./template.aux

LaTeX Warning: Label `fig:original' multiply defined.


LaTeX Warning: Label `sub@fig:original' multiply defined.


LaTeX Warning: Label `fig:horizontal_flip' multiply defined.


LaTeX Warning: Label `sub@fig:horizontal_flip' multiply defined.


LaTeX Warning: Label `fig:comparison' multiply defined.


LaTeX Warning: Label `fig:original' multiply defined.


LaTeX Warning: Label `sub@fig:original' multiply defined.


LaTeX Warning: Label `fig:horizontal_flip' multiply defined.


LaTeX Warning: Label `sub@fig:horizontal_flip' multiply defined.


LaTeX Warning: Label `fig:comparison' multiply defined.


LaTeX Warning: Label `fig:original' multiply defined.


LaTeX Warning: Label `sub@fig:original' multiply defined.


LaTeX Warning: Label `fig:horizontal_flip' multiply defined.


LaTeX Warning: Label `sub@fig:horizontal_flip' multiply defined.


LaTeX Warning: Label `fig:comparison' multiply defined.

)
\openout1 = `template.aux'.

LaTeX Font Info:    Checking defaults for OML/cmm/m/it on input line 45.
LaTeX Font Info:    ... okay on input line 45.
LaTeX Font Info:    Checking defaults for OMS/cmsy/m/n on input line 45.
LaTeX Font Info:    ... okay on input line 45.
LaTeX Font Info:    Checking defaults for OT1/cmr/m/n on input line 45.
LaTeX Font Info:    ... okay on input line 45.
LaTeX Font Info:    Checking defaults for T1/cmr/m/n on input line 45.
LaTeX Font Info:    ... okay on input line 45.
LaTeX Font Info:    Checking defaults for TS1/cmr/m/n on input line 45.
LaTeX Font Info:    ... okay on input line 45.
LaTeX Font Info:    Checking defaults for OMX/cmex/m/n on input line 45.
LaTeX Font Info:    ... okay on input line 45.
LaTeX Font Info:    Checking defaults for U/cmr/m/n on input line 45.
LaTeX Font Info:    ... okay on input line 45.
LaTeX Font Info:    Checking defaults for PD1/pdf/m/n on input line 45.
LaTeX Font Info:    ... okay on input line 45.
LaTeX Font Info:    Checking defaults for PU/pdf/m/n on input line 45.
LaTeX Font Info:    ... okay on input line 45.
 (/usr/share/texlive/texmf-dist/tex/context/base/mkii/supp-pdf.mkii
[Loading MPS to PDF converter (version 2006.09.02).]
\scratchcounter=\count432
\scratchdimen=\dimen189
\scratchbox=\box61
\nofMPsegments=\count433
\nofMParguments=\count434
\everyMPshowfont=\toks29
\MPscratchCnt=\count435
\MPscratchDim=\dimen190
\MPnumerator=\count436
\makeMPintoPDFobject=\count437
\everyMPtoPDFconversion=\toks30
) (/usr/share/texlive/texmf-dist/tex/latex/epstopdf-pkg/epstopdf-base.sty
Package: epstopdf-base 2020-01-24 v2.11 Base part for package epstopdf
Package epstopdf-base Info: Redefining graphics rule for `.eps' on input line 485.
 (/usr/share/texlive/texmf-dist/tex/latex/latexconfig/epstopdf-sys.cfg
File: epstopdf-sys.cfg 2010/07/13 v1.3 Configuration of (r)epstopdf for TeX Live
))
Package caption Info: Begin \AtBeginDocument code.
Package caption Info: changepage package is loaded.
\caption@adjustwidth@hsize=\dimen191
\caption@adjustwidth@linewidth=\dimen192
Package caption Info: float package is loaded.
Package caption Info: hyperref package is loaded.
Package caption Info: listings package is loaded.
Package caption Info: End \AtBeginDocument code.
Package ragged2e Info: ABD: executing \RaggedRight on input line 45.
Package lastpage Info: Please have a look at the pageslts package at
(lastpage)             https://www.ctan.org/pkg/pageslts
(lastpage)             ! on input line 45.

*geometry* driver: auto-detecting
*geometry* detected driver: pdftex
*geometry* verbose mode - [ preamble ] result:
* driver: pdftex
* paper: a4paper
* layout: <same size as paper>
* layoutoffset:(h,v)=(0.0pt,0.0pt)
* modes: 
* h-part:(L,W,R)=(56.9055pt, 334.3199pt, 206.28247pt)
* v-part:(T,H,B)=(85.35826pt, 674.33032pt, 85.35826pt)
* \paperwidth=597.50787pt
* \paperheight=845.04684pt
* \textwidth=334.3199pt
* \textheight=674.33032pt
* \oddsidemargin=-15.36449pt
* \evensidemargin=-15.36449pt
* \topmargin=-38.12675pt
* \headheight=28.45274pt
* \headsep=22.76228pt
* \topskip=12.0pt
* \footskip=42.67912pt
* \marginparwidth=120.92421pt
* \marginparsep=28.45274pt
* \columnsep=10.0pt
* \skip\footins=10.8pt plus 4.0pt minus 2.0pt
* \hoffset=0.0pt
* \voffset=0.0pt
* \mag=1000
* \@twocolumnfalse
* \@twosidefalse
* \@mparswitchfalse
* \@reversemarginfalse
* (1in=72.27pt=25.4mm, 1cm=28.453pt)

\@sidenotes@extrawidth=\skip105
\big@size=\dimen193
\c@mv@tabular=\count438
\c@mv@boldtabular=\count439
Package biblatex Info: Trying to load language 'english'...
Package biblatex Info: ... file 'english.lbx' found.
(/usr/share/texlive/texmf-dist/tex/latex/biblatex/lbx/english.lbx
File: english.lbx 2022/02/02 v3.17 biblatex localization (PK/MW)
)
Package biblatex Info: Input encoding 'utf8' detected.
Package biblatex Info: Automatic encoding selection.
(biblatex)             Assuming data encoding 'utf8'.
\openout3 = `template.bcf'.

Package biblatex Info: Trying to load bibliographic data...
Package biblatex Info: ... file 'template.bbl' found.
 (./template.bbl)
Package biblatex Info: Reference section=0 on input line 45.
Package biblatex Info: Reference segment=0 on input line 45.
Package hyperref Info: Link coloring ON on input line 45.
 (/usr/share/texlive/texmf-dist/tex/latex/hyperref/nameref.sty
Package: nameref 2021-04-02 v2.47 Cross-referencing by name of section
 (/usr/share/texlive/texmf-dist/tex/latex/refcount/refcount.sty
Package: refcount 2019/12/15 v3.6 Data extraction from label references (HO)
) (/usr/share/texlive/texmf-dist/tex/generic/gettitlestring/gettitlestring.sty
Package: gettitlestring 2019/12/15 v1.6 Cleanup title references (HO)
)
\c@section@level=\count440
)
LaTeX Info: Redefining \ref on input line 45.
LaTeX Info: Redefining \pageref on input line 45.
LaTeX Info: Redefining \nameref on input line 45.
 (./template.out) (./template.out)
\@outlinefile=\write4
\openout4 = `template.out'.

\c@lstlisting=\count441


pdfTeX warning: pdflatex (file ./Images//inhollandlogo.pdf): PDF inclusion: found PDF version <1.7>, but at most version <1.5> allowed
<Images//inhollandlogo.pdf, id=56, 582.10222pt x 421.52231pt>
File: Images//inhollandlogo.pdf Graphic file (type pdf)
<use Images//inhollandlogo.pdf>
Package pdftex.def Info: Images//inhollandlogo.pdf  used on input line 56.
(pdftex.def)             Requested size: 142.26378pt x 103.0198pt.

LaTeX Font Warning: Font shape `T1/IBMPlexSans-TLF/m/n' in size <50> not available
(Font)              size <35.83> substituted on input line 60.


LaTeX Font Warning: Font shape `T1/IBMPlexSans-TLF/b/n' undefined
(Font)              using `T1/IBMPlexSans-TLF/m/n' instead on input line 60.

LaTeX Font Info:    Trying to load font information for OT1+ppl on input line 60.
(/usr/share/texlive/texmf-dist/tex/latex/psnfss/ot1ppl.fd
File: ot1ppl.fd 2001/06/04 font definitions for OT1/ppl.
)
LaTeX Font Info:    Trying to load font information for OML+zplm on input line 60.
 (/usr/share/texlive/texmf-dist/tex/latex/psnfss/omlzplm.fd
File: omlzplm.fd 2002/09/08 Fontinst v1.914 font definitions for OML/zplm.
)
LaTeX Font Info:    Trying to load font information for OMS+zplm on input line 60.
 (/usr/share/texlive/texmf-dist/tex/latex/psnfss/omszplm.fd
File: omszplm.fd 2002/09/08 Fontinst v1.914 font definitions for OMS/zplm.
)
LaTeX Font Info:    Trying to load font information for OMX+zplm on input line 60.
 (/usr/share/texlive/texmf-dist/tex/latex/psnfss/omxzplm.fd
File: omxzplm.fd 2002/09/08 Fontinst v1.914 font definitions for OMX/zplm.
)
LaTeX Font Info:    Trying to load font information for OT1+zplm on input line 60.
 (/usr/share/texlive/texmf-dist/tex/latex/psnfss/ot1zplm.fd
File: ot1zplm.fd 2002/09/08 Fontinst v1.914 font definitions for OT1/zplm.
)

LaTeX Font Warning: Font shape `T1/IBMPlexSans-TLF/m/it' undefined
(Font)              using `T1/IBMPlexSans-TLF/m/n' instead on input line 64.


LaTeX Font Warning: Font shape `T1/IBMPlexSans-TLF/b/it' undefined
(Font)              using `T1/IBMPlexSans-TLF/b/n' instead on input line 64.

[1

{/var/lib/texmf/fonts/map/pdftex/updmap/pdftex.map} <./Images//inhollandlogo.pdf>] (./template.toc

LaTeX Font Warning: Font shape `T1/IBMPlexSans-TLF/sb/n' undefined
(Font)              using `T1/IBMPlexSans-TLF/b/n' instead on input line 1.


LaTeX Font Warning: Font shape `T1/IBMPlexSans-TLF/sb/n' undefined
(Font)              using `T1/IBMPlexSans-TLF/b/n' instead on input line 1.


LaTeX Font Warning: Font shape `T1/IBMPlexSans-TLF/sb/n' undefined
(Font)              using `T1/IBMPlexSans-TLF/b/n' instead on input line 1.


LaTeX Font Warning: Font shape `T1/IBMPlexSans-TLF/sb/n' undefined
(Font)              using `T1/IBMPlexSans-TLF/b/n' instead on input line 2.


LaTeX Font Warning: Font shape `T1/IBMPlexSans-TLF/sb/n' undefined
(Font)              using `T1/IBMPlexSans-TLF/b/n' instead on input line 3.


LaTeX Font Warning: Font shape `T1/IBMPlexSans-TLF/sb/n' undefined
(Font)              using `T1/IBMPlexSans-TLF/b/n' instead on input line 4.


LaTeX Font Warning: Font shape `T1/IBMPlexSans-TLF/sb/n' undefined
(Font)              using `T1/IBMPlexSans-TLF/b/n' instead on input line 5.


LaTeX Font Warning: Font shape `T1/IBMPlexSans-TLF/sb/n' undefined
(Font)              using `T1/IBMPlexSans-TLF/b/n' instead on input line 5.


LaTeX Font Warning: Font shape `T1/IBMPlexSans-TLF/sb/n' undefined
(Font)              using `T1/IBMPlexSans-TLF/b/n' instead on input line 5.


LaTeX Font Warning: Font shape `T1/IBMPlexSans-TLF/sb/n' undefined
(Font)              using `T1/IBMPlexSans-TLF/b/n' instead on input line 6.


LaTeX Font Warning: Font shape `T1/IBMPlexSans-TLF/sb/n' undefined
(Font)              using `T1/IBMPlexSans-TLF/b/n' instead on input line 7.


LaTeX Font Warning: Font shape `T1/IBMPlexSans-TLF/sb/n' undefined
(Font)              using `T1/IBMPlexSans-TLF/b/n' instead on input line 8.


LaTeX Font Warning: Font shape `T1/IBMPlexSans-TLF/sb/n' undefined
(Font)              using `T1/IBMPlexSans-TLF/b/n' instead on input line 9.


LaTeX Font Warning: Font shape `T1/IBMPlexSans-TLF/sb/n' undefined
(Font)              using `T1/IBMPlexSans-TLF/b/n' instead on input line 10.


LaTeX Font Warning: Font shape `T1/IBMPlexSans-TLF/sb/n' undefined
(Font)              using `T1/IBMPlexSans-TLF/b/n' instead on input line 11.


LaTeX Font Warning: Font shape `T1/IBMPlexSans-TLF/sb/n' undefined
(Font)              using `T1/IBMPlexSans-TLF/b/n' instead on input line 12.


LaTeX Font Warning: Font shape `T1/IBMPlexSans-TLF/sb/n' undefined
(Font)              using `T1/IBMPlexSans-TLF/b/n' instead on input line 15.

)
\tf@toc=\write5
\openout5 = `template.toc'.

 [2] (./hoofdstukken/visualizations.tex
<Images//average_color_histogram.png, id=99, 867.24pt x 289.08pt>
File: Images//average_color_histogram.png Graphic file (type png)
<use Images//average_color_histogram.png>
Package pdftex.def Info: Images//average_color_histogram.png  used on input line 10.
(pdftex.def)             Requested size: 334.3199pt x 111.4395pt.
<Images//average_color_histogram_overlap_full.png, id=101, 578.16pt x 361.35pt>
File: Images//average_color_histogram_overlap_full.png Graphic file (type png)
<use Images//average_color_histogram_overlap_full.png>
Package pdftex.def Info: Images//average_color_histogram_overlap_full.png  used on input line 16.
(pdftex.def)             Requested size: 334.3199pt x 208.94907pt.
File: Images//inhollandlogo.pdf Graphic file (type pdf)
<use Images//inhollandlogo.pdf>
Package pdftex.def Info: Images//inhollandlogo.pdf  used on input line 21.
(pdftex.def)             Requested size: 56.9055pt x 41.20277pt.


Package fancyhdr Warning: \headheight is too small (28.45274pt): 
(fancyhdr)                Make it at least 45.55281pt, for example:
(fancyhdr)                \setlength{\headheight}{45.55281pt}.
(fancyhdr)                You might also make \topmargin smaller to compensate:
(fancyhdr)                \addtolength{\topmargin}{-17.10007pt}.

[3 <./Images//average_color_histogram.png> <./Images//average_color_histogram_overlap_full.png>]
<Images//aspect_ratio_result.png, id=116, 722.7pt x 433.62pt>
File: Images//aspect_ratio_result.png Graphic file (type png)
<use Images//aspect_ratio_result.png>
Package pdftex.def Info: Images//aspect_ratio_result.png  used on input line 26.
(pdftex.def)             Requested size: 334.3199pt x 200.59242pt.
File: Images//inhollandlogo.pdf Graphic file (type pdf)
<use Images//inhollandlogo.pdf>
Package pdftex.def Info: Images//inhollandlogo.pdf  used on input line 31.
(pdftex.def)             Requested size: 56.9055pt x 41.20277pt.


Package fancyhdr Warning: \headheight is too small (28.45274pt): 
(fancyhdr)                Make it at least 45.55281pt, for example:
(fancyhdr)                \setlength{\headheight}{45.55281pt}.
(fancyhdr)                You might also make \topmargin smaller to compensate:
(fancyhdr)                \addtolength{\topmargin}{-17.10007pt}.

[4 <./Images//aspect_ratio_result.png>]
<Images//rescale_res_result.png, id=125, 867.24pt x 433.62pt>
File: Images//rescale_res_result.png Graphic file (type png)
<use Images//rescale_res_result.png>
Package pdftex.def Info: Images//rescale_res_result.png  used on input line 47.
(pdftex.def)             Requested size: 334.3199pt x 167.15924pt.
)
File: Images//inhollandlogo.pdf Graphic file (type pdf)
<use Images//inhollandlogo.pdf>
Package pdftex.def Info: Images//inhollandlogo.pdf  used on input line 138.
(pdftex.def)             Requested size: 56.9055pt x 41.20277pt.


Package fancyhdr Warning: \headheight is too small (28.45274pt): 
(fancyhdr)                Make it at least 45.55281pt, for example:
(fancyhdr)                \setlength{\headheight}{45.55281pt}.
(fancyhdr)                You might also make \topmargin smaller to compensate:
(fancyhdr)                \addtolength{\topmargin}{-17.10007pt}.

[5 <./Images//rescale_res_result.png>] (./hoofdstukken/changes.tex
<Images//grayscale_graph_histogram.png, id=135, 1850.112pt x 964.8045pt>
File: Images//grayscale_graph_histogram.png Graphic file (type png)
<use Images//grayscale_graph_histogram.png>
Package pdftex.def Info: Images//grayscale_graph_histogram.png  used on input line 18.
(pdftex.def)             Requested size: 334.3199pt x 174.3345pt.
File: Images//inhollandlogo.pdf Graphic file (type pdf)
<use Images//inhollandlogo.pdf>
Package pdftex.def Info: Images//inhollandlogo.pdf  used on input line 23.
(pdftex.def)             Requested size: 56.9055pt x 41.20277pt.


Package fancyhdr Warning: \headheight is too small (28.45274pt): 
(fancyhdr)                Make it at least 45.55281pt, for example:
(fancyhdr)                \setlength{\headheight}{45.55281pt}.
(fancyhdr)                You might also make \topmargin smaller to compensate:
(fancyhdr)                \addtolength{\topmargin}{-17.10007pt}.

[6 <./Images//grayscale_graph_histogram.png>]
Package marginnote Info: Margin note 7.1 is on absolute page 7 on input line 26.
Package marginnote Info: right page because not two side mode on input line 26.
Package marginnote Info: xpos seems to be 62.02937pt on input line 26.
<Images//normalization_conversion_before_after.png, id=144, 1084.05pt x 361.35pt>
File: Images//normalization_conversion_before_after.png Graphic file (type png)
<use Images//normalization_conversion_before_after.png>
Package pdftex.def Info: Images//normalization_conversion_before_after.png  used on input line 28.
(pdftex.def)             Requested size: 334.3199pt x 111.4384pt.
<Images//clahe_graph_histogram.png, id=145, 1850.112pt x 964.8045pt>
File: Images//clahe_graph_histogram.png Graphic file (type png)
<use Images//clahe_graph_histogram.png>
Package pdftex.def Info: Images//clahe_graph_histogram.png  used on input line 39.
(pdftex.def)             Requested size: 334.3199pt x 174.3345pt.
File: Images//inhollandlogo.pdf Graphic file (type pdf)
<use Images//inhollandlogo.pdf>
Package pdftex.def Info: Images//inhollandlogo.pdf  used on input line 44.
(pdftex.def)             Requested size: 56.9055pt x 41.20277pt.


Package fancyhdr Warning: \headheight is too small (28.45274pt): 
(fancyhdr)                Make it at least 45.55281pt, for example:
(fancyhdr)                \setlength{\headheight}{45.55281pt}.
(fancyhdr)                You might also make \topmargin smaller to compensate:
(fancyhdr)                \addtolength{\topmargin}{-17.10007pt}.

[7 <./Images//normalization_conversion_before_after.png> <./Images//clahe_graph_histogram.png>]
<Images//square_dataset/square1.JPG, id=158, 642.4pt x 642.4pt>
File: Images//square_dataset/square1.JPG Graphic file (type jpg)
<use Images//square_dataset/square1.JPG>
Package pdftex.def Info: Images//square_dataset/square1.JPG  used on input line 49.
(pdftex.def)             Requested size: 120.92421pt x 120.92021pt.
<Images//square_dataset/square2.JPG, id=159, 642.4pt x 642.4pt>
File: Images//square_dataset/square2.JPG Graphic file (type jpg)
<use Images//square_dataset/square2.JPG>
Package pdftex.def Info: Images//square_dataset/square2.JPG  used on input line 58.
(pdftex.def)             Requested size: 120.92421pt x 120.92021pt.


LaTeX Warning: Marginpar on page 8 moved.

<Images//square_dataset/square3.JPG, id=160, 642.4pt x 642.4pt>
File: Images//square_dataset/square3.JPG Graphic file (type jpg)
<use Images//square_dataset/square3.JPG>
Package pdftex.def Info: Images//square_dataset/square3.JPG  used on input line 68.
(pdftex.def)             Requested size: 120.92421pt x 120.92021pt.

LaTeX Warning: Marginpar on page 8 moved.

<Images//square_dataset/square4.JPG, id=161, 642.4pt x 642.4pt>
File: Images//square_dataset/square4.JPG Graphic file (type jpg)
<use Images//square_dataset/square4.JPG>
Package pdftex.def Info: Images//square_dataset/square4.JPG  used on input line 76.
(pdftex.def)             Requested size: 120.92421pt x 120.92021pt.

LaTeX Warning: Marginpar on page 8 moved.

File: Images//inhollandlogo.pdf Graphic file (type pdf)
<use Images//inhollandlogo.pdf>
Package pdftex.def Info: Images//inhollandlogo.pdf  used on input line 85.
(pdftex.def)             Requested size: 56.9055pt x 41.20277pt.

Package fancyhdr Warning: \headheight is too small (28.45274pt): 
(fancyhdr)                Make it at least 45.55281pt, for example:
(fancyhdr)                \setlength{\headheight}{45.55281pt}.
(fancyhdr)                You might also make \topmargin smaller to compensate:
(fancyhdr)                \addtolength{\topmargin}{-17.10007pt}.

[8 <./Images//square_dataset/square1.JPG> <./Images//square_dataset/square2.JPG> <./Images//square_dataset/square3.JPG> <./Images//square_dataset/square4.JPG>]
<Images//original.jpg, id=173, 1228.59pt x 921.4425pt>
File: Images//original.jpg Graphic file (type jpg)
<use Images//original.jpg>
Package pdftex.def Info: Images//original.jpg  used on input line 110.
(pdftex.def)             Requested size: 150.44293pt x 112.832pt.
<Images//horizontal_flip.jpg, id=174, 1228.59pt x 921.4425pt>
File: Images//horizontal_flip.jpg Graphic file (type jpg)
<use Images//horizontal_flip.jpg>
Package pdftex.def Info: Images//horizontal_flip.jpg  used on input line 116.
(pdftex.def)             Requested size: 150.44293pt x 112.832pt.
File: Images//original.jpg Graphic file (type jpg)
<use Images//original.jpg>
Package pdftex.def Info: Images//original.jpg  used on input line 130.
(pdftex.def)             Requested size: 150.44293pt x 112.832pt.
<Images//vertical_flip.jpg, id=175, 1228.59pt x 921.4425pt>
File: Images//vertical_flip.jpg Graphic file (type jpg)
<use Images//vertical_flip.jpg>
Package pdftex.def Info: Images//vertical_flip.jpg  used on input line 136.
(pdftex.def)             Requested size: 150.44293pt x 112.832pt.
File: Images//inhollandlogo.pdf Graphic file (type pdf)
<use Images//inhollandlogo.pdf>
Package pdftex.def Info: Images//inhollandlogo.pdf  used on input line 143.
(pdftex.def)             Requested size: 56.9055pt x 41.20277pt.


Package fancyhdr Warning: \headheight is too small (28.45274pt): 
(fancyhdr)                Make it at least 45.55281pt, for example:
(fancyhdr)                \setlength{\headheight}{45.55281pt}.
(fancyhdr)                You might also make \topmargin smaller to compensate:
(fancyhdr)                \addtolength{\topmargin}{-17.10007pt}.

[9 <./Images//original.jpg> <./Images//horizontal_flip.jpg> <./Images//vertical_flip.jpg>]
File: Images//original.jpg Graphic file (type jpg)
<use Images//original.jpg>
Package pdftex.def Info: Images//original.jpg  used on input line 152.
(pdftex.def)             Requested size: 150.44293pt x 112.832pt.
<Images//random_rotation.jpg, id=189, 1228.59pt x 921.4425pt>
File: Images//random_rotation.jpg Graphic file (type jpg)
<use Images//random_rotation.jpg>
Package pdftex.def Info: Images//random_rotation.jpg  used on input line 158.
(pdftex.def)             Requested size: 150.44293pt x 112.832pt.
File: Images//original.jpg Graphic file (type jpg)
<use Images//original.jpg>
Package pdftex.def Info: Images//original.jpg  used on input line 173.
(pdftex.def)             Requested size: 150.44293pt x 112.832pt.
<Images//random_zoom.jpg, id=190, 1228.59pt x 921.4425pt>
File: Images//random_zoom.jpg Graphic file (type jpg)
<use Images//random_zoom.jpg>
Package pdftex.def Info: Images//random_zoom.jpg  used on input line 179.
(pdftex.def)             Requested size: 150.44293pt x 112.832pt.
) 
AED: lastpage setting LastPage
File: Images//inhollandlogo.pdf Graphic file (type pdf)
<use Images//inhollandlogo.pdf>
Package pdftex.def Info: Images//inhollandlogo.pdf  used on input line 141.
(pdftex.def)             Requested size: 56.9055pt x 41.20277pt.

Package fancyhdr Warning: \headheight is too small (28.45274pt): 
(fancyhdr)                Make it at least 45.55281pt, for example:
(fancyhdr)                \setlength{\headheight}{45.55281pt}.
(fancyhdr)                You might also make \topmargin smaller to compensate:
(fancyhdr)                \addtolength{\topmargin}{-17.10007pt}.

[10 <./Images//random_rotation.jpg> <./Images//random_zoom.jpg>] (./template.aux)

LaTeX Font Warning: Size substitutions with differences
(Font)              up to 14.17pt have occurred.


LaTeX Font Warning: Some font shapes were not available, defaults substituted.


LaTeX Warning: There were multiply-defined labels.

Package rerunfilecheck Info: File `template.out' has not changed.
(rerunfilecheck)             Checksum: 147F5A9CE814D0A7DE98AE91D7E11CC0;2229.
Package logreq Info: Writing requests to 'template.run.xml'.
\openout1 = `template.run.xml'.

 ) 
Here is how much of TeX's memory you used:
 22423 strings out of 480171
 395725 string characters out of 5894488
 1097324 words of memory out of 5000000
 39983 multiletter control sequences out of 15000+600000
 483060 words of font info for 54 fonts, out of 8000000 for 9000
 59 hyphenation exceptions out of 8191
 83i,15n,92p,926b,848s stack positions out of 5000i,500n,10000p,200000b,80000s
 </home/christian/.texlive2021/texmf-var/fonts/pk/ljfour/jknappen/ec/ecrm0800.600pk> </home/christian/.texlive2021/texmf-var/fonts/pk/ljfour/jknappen/ec/ecrm1095.600pk> </home/christian/.texlive2021/texmf-var/fonts/pk/ljfour/jknappen/ec/ecrm1000.600pk> </home/christian/.texlive2021/texmf-var/fonts/pk/ljfour/jknappen/ec/ecrm0900.600pk> </home/christian/.texlive2021/texmf-var/fonts/pk/ljfour/jknappen/ec/ecrm1200.600pk> </home/christian/.texlive2021/texmf-var/fonts/pk/ljfour/jknappen/ec/ecrm1440.600pk> </home/christian/.texlive2021/texmf-var/fonts/pk/ljfour/jknappen/ec/ecrm1728.600pk> </home/christian/.texlive2021/texmf-var/fonts/pk/ljfour/jknappen/ec/ecrm2074.600pk> </home/christian/.texlive2021/texmf-var/fonts/pk/ljfour/jknappen/ec/ecrm3583.600pk>
Output written on template.pdf (10 pages, 5995723 bytes).
PDF statistics:
 569 PDF objects out of 1000 (max. 8388607)
 193 compressed objects within 2 object streams
 55 named destinations out of 1000 (max. 500000)
 190 words of extra memory for PDF output out of 10000 (max. 10000000)

