This is pdfTeX, Version 3.141592653-2.6-1.40.22 (TeX Live 2022/dev/Debian) (preloaded format=pdflatex 2023.10.13)  11 MAR 2024 12:10
entering extended mode
 restricted \write18 enabled.
 file:line:error style messages enabled.
 %&-line parsing enabled.
**"/home/christian/Documents/BDA_proj_rooftiles/data_analysis_report_document/default template/template.tex"
(/home/christian/Documents/BDA_proj_rooftiles/data_analysis_report_document/default template/template.tex
LaTeX2e <2021-11-15> patch level 1
L3 programming layer <2022-01-21> (./CSSullivanBusinessReport.cls
Document Class: CSSullivanBusinessReport 2022/05/05 Creodocs Sullivan Business Report Class v1.0
(/usr/share/texlive/texmf-dist/tex/latex/etoolbox/etoolbox.sty
Package: etoolbox 2020/10/05 v2.5k e-TeX tools for LaTeX (JAW)
\etb@tempcnta=\count185
) (/usr/share/texlive/texmf-dist/tex/latex/base/article.cls
Document Class: article 2021/10/04 v1.4n Standard LaTeX document class
(/usr/share/texlive/texmf-dist/tex/latex/base/size12.clo
File: size12.clo 2021/10/04 v1.4n Standard LaTeX file (size option)
)
\c@part=\count186
\c@section=\count187
\c@subsection=\count188
\c@subsubsection=\count189
\c@paragraph=\count190
\c@subparagraph=\count191
\c@figure=\count192
\c@table=\count193
\abovecaptionskip=\skip47
\belowcaptionskip=\skip48
\bibindent=\dimen138
) (/usr/share/texlive/texmf-dist/tex/latex/graphics/graphicx.sty
Package: graphicx 2021/09/16 v1.2d Enhanced LaTeX Graphics (DPC,SPQR)
 (/usr/share/texlive/texmf-dist/tex/latex/graphics/keyval.sty
Package: keyval 2014/10/28 v1.15 key=value parser (DPC)
\KV@toks@=\toks16
) (/usr/share/texlive/texmf-dist/tex/latex/graphics/graphics.sty
Package: graphics 2021/03/04 v1.4d Standard LaTeX Graphics (DPC,SPQR)
 (/usr/share/texlive/texmf-dist/tex/latex/graphics/trig.sty
Package: trig 2021/08/11 v1.11 sin cos tan (DPC)
) (/usr/share/texlive/texmf-dist/tex/latex/graphics-cfg/graphics.cfg
File: graphics.cfg 2016/06/04 v1.11 sample graphics configuration
)
Package graphics Info: Driver file: pdftex.def on input line 107.
 (/usr/share/texlive/texmf-dist/tex/latex/graphics-def/pdftex.def
File: pdftex.def 2020/10/05 v1.2a Graphics/color driver for pdftex
))
\Gin@req@height=\dimen139
\Gin@req@width=\dimen140
) (/usr/share/texlive/texmf-dist/tex/latex/footmisc/footmisc.sty
Package: footmisc 2011/06/06 v5.5b a miscellany of footnote facilities
\FN@temptoken=\toks17
\footnotemargin=\dimen141
\c@pp@next@reset=\count194
Package footmisc Info: Declaring symbol style bringhurst on input line 855.
Package footmisc Info: Declaring symbol style chicago on input line 863.
Package footmisc Info: Declaring symbol style wiley on input line 872.
Package footmisc Info: Declaring symbol style lamport-robust on input line 883.
Package footmisc Info: Declaring symbol style lamport* on input line 903.
Package footmisc Info: Declaring symbol style lamport*-robust on input line 924.
) (/usr/share/texlive/texmf-dist/tex/latex/ragged2e/ragged2e.sty
Package: ragged2e 2021/12/15 v3.1 ragged2e Package
\CenteringLeftskip=\skip49
\RaggedLeftLeftskip=\skip50
\RaggedRightLeftskip=\skip51
\CenteringRightskip=\skip52
\RaggedLeftRightskip=\skip53
\RaggedRightRightskip=\skip54
\CenteringParfillskip=\skip55
\RaggedLeftParfillskip=\skip56
\RaggedRightParfillskip=\skip57
\JustifyingParfillskip=\skip58
\CenteringParindent=\skip59
\RaggedLeftParindent=\skip60
\RaggedRightParindent=\skip61
\JustifyingParindent=\skip62
) (/usr/share/texlive/texmf-dist/tex/latex/lastpage/lastpage.sty
Package: lastpage 2021/09/03 v1.2n Refers to last page's name (HMM; JPG)
) (/usr/share/texlive/texmf-dist/tex/latex/appendix/appendix.sty
Package: appendix 2020/02/08 v1.2c extra appendix facilities
\c@@pps=\count195
\c@@ppsavesec=\count196
\c@@ppsaveapp=\count197
) (/usr/share/texlive/texmf-dist/tex/latex/float/float.sty
Package: float 2001/11/08 v1.3d Float enhancements (AL)
\c@float@type=\count198
\float@exts=\toks18
\float@box=\box50
\@float@everytoks=\toks19
\@floatcapt=\box51
) (/usr/share/texlive/texmf-dist/tex/latex/geometry/geometry.sty
Package: geometry 2020/01/02 v5.9 Page Geometry
 (/usr/share/texlive/texmf-dist/tex/generic/iftex/ifvtex.sty
Package: ifvtex 2019/10/25 v1.7 ifvtex legacy package. Use iftex instead.
 (/usr/share/texlive/texmf-dist/tex/generic/iftex/iftex.sty
Package: iftex 2020/03/06 v1.0d TeX engine tests
))
\Gm@cnth=\count199
\Gm@cntv=\count266
\c@Gm@tempcnt=\count267
\Gm@bindingoffset=\dimen142
\Gm@wd@mp=\dimen143
\Gm@odd@mp=\dimen144
\Gm@even@mp=\dimen145
\Gm@layoutwidth=\dimen146
\Gm@layoutheight=\dimen147
\Gm@layouthoffset=\dimen148
\Gm@layoutvoffset=\dimen149
\Gm@dimlist=\toks20
) (/usr/share/texlive/texmf-dist/tex/latex/sidenotes/sidenotes.sty (/usr/share/texlive/texmf-dist/tex/latex/l3packages/l3keys2e/l3keys2e.sty (/usr/share/texlive/texmf-dist/tex/latex/l3kernel/expl3.sty
Package: expl3 2022-01-21 L3 programming layer (loader) 
 (/usr/share/texlive/texmf-dist/tex/latex/l3backend/l3backend-pdftex.def
File: l3backend-pdftex.def 2022-01-12 L3 backend support: PDF output (pdfTeX)
\l__color_backend_stack_int=\count268
\l__pdf_internal_box=\box52
))
Package: l3keys2e 2022-01-12 LaTeX2e option processing using LaTeX3 keys
)
Package: sidenotes 2016/04/21 v1.00 rich text in the margin for LaTeX
 (/usr/share/texlive/texmf-dist/tex/latex/marginnote/marginnote.sty
Package: marginnote 2018/08/09 v1.4b non floating margin notes for LaTeX
\c@mn@abspage=\count269
) (/usr/share/texlive/texmf-dist/tex/latex/caption/caption.sty
Package: caption 2020/10/26 v3.5g Customizing captions (AR)
 (/usr/share/texlive/texmf-dist/tex/latex/caption/caption3.sty
Package: caption3 2020/10/21 v2.2e caption3 kernel (AR)
\captionmargin=\dimen150
\captionmargin@=\dimen151
\captionwidth=\dimen152
\caption@tempdima=\dimen153
\caption@indent=\dimen154
\caption@parindent=\dimen155
\caption@hangindent=\dimen156
Package caption Info: Standard document class detected.
)
\c@caption@flags=\count270
\c@continuedfloat=\count271
Package caption Info: float package is loaded.
) (/usr/share/texlive/texmf-dist/tex/latex/l3packages/xparse/xparse.sty
Package: xparse 2022-01-12 L3 Experimental document command parser
) (/usr/share/texlive/texmf-dist/tex/latex/changepage/changepage.sty
Package: changepage 2009/10/20 v1.0c check page and change page layout
\c@cp@cntr=\count272
\cp@tempcnt=\count273
)
\c@sidenote=\count274
\@sidenotes@marginfigurebox=\box53
\@sidenotes@margintablebox=\box54
)
\fulltextwidth=\skip63
 (/usr/share/texlive/texmf-dist/tex/latex/base/inputenc.sty
Package: inputenc 2021/02/14 v1.3d Input encoding file
\inpenc@prehook=\toks21
\inpenc@posthook=\toks22
) (/usr/share/texlive/texmf-dist/tex/latex/base/fontenc.sty
Package: fontenc 2021/04/29 v2.0v Standard LaTeX package
) (/usr/share/texlive/texmf-dist/tex/latex/psnfss/mathpazo.sty
Package: mathpazo 2020/03/25 PSNFSS-v9.3 Palatino w/ Pazo Math (D.Puga, WaS) 
\symupright=\mathgroup4
) (./plex-sans.sty
Package: plex-sans 2023/09/30 (Bob Tennent) Style file for IBMPlexSans fonts
 (/usr/share/texlive/texmf-dist/tex/generic/iftex/ifxetex.sty
Package: ifxetex 2019/10/25 v0.7 ifxetex legacy package. Use iftex instead.
) (/usr/share/texlive/texmf-dist/tex/generic/iftex/ifluatex.sty
Package: ifluatex 2019/10/25 v1.5 ifluatex legacy package. Use iftex instead.
) (/usr/share/texlive/texmf-dist/tex/latex/xkeyval/xkeyval.sty
Package: xkeyval 2020/11/20 v2.8 package option processing (HA)
 (/usr/share/texlive/texmf-dist/tex/generic/xkeyval/xkeyval.tex (/usr/share/texlive/texmf-dist/tex/generic/xkeyval/xkvutils.tex
\XKV@toks=\toks23
\XKV@tempa@toks=\toks24
)
\XKV@depth=\count275
File: xkeyval.tex 2014/12/03 v2.7a key=value parser (HA)
)) (/usr/share/texlive/texmf-dist/tex/latex/base/textcomp.sty
Package: textcomp 2020/02/02 v2.0n Standard LaTeX package
) (/usr/share/texlive/texmf-dist/tex/latex/base/fontenc.sty
Package: fontenc 2021/04/29 v2.0v Standard LaTeX package
LaTeX Font Info:    Trying to load font information for T1+ppl on input line 112.
 (/usr/share/texlive/texmf-dist/tex/latex/psnfss/t1ppl.fd
File: t1ppl.fd 2001/06/04 font definitions for T1/ppl.
)) (/usr/share/texlive/texmf-dist/tex/latex/fontaxes/fontaxes.sty
Package: fontaxes 2020/07/21 v1.0e Font selection axes
LaTeX Info: Redefining \upshape on input line 29.
LaTeX Info: Redefining \itshape on input line 31.
LaTeX Info: Redefining \slshape on input line 33.
LaTeX Info: Redefining \swshape on input line 35.
LaTeX Info: Redefining \scshape on input line 37.
LaTeX Info: Redefining \sscshape on input line 39.
LaTeX Info: Redefining \ulcshape on input line 41.
LaTeX Info: Redefining \textsw on input line 47.
LaTeX Info: Redefining \textssc on input line 48.
LaTeX Info: Redefining \textulc on input line 49.
)) (./plex-mono.sty
Package: plex-mono 2023/09/30 (Bob Tennent) Style file for IBMPlexMono fonts
 (/usr/share/texlive/texmf-dist/tex/latex/base/fontenc.sty
Package: fontenc 2021/04/29 v2.0v Standard LaTeX package
LaTeX Font Info:    Trying to load font information for T1+IBMPlexSans-TLF on input line 112.
LaTeX Font Info:    No file T1IBMPlexSans-TLF.fd. on input line 112.


LaTeX Font Warning: Font shape `T1/IBMPlexSans-TLF/m/n' undefined
(Font)              using `T1/cmr/m/n' instead on input line 112.

)) (/usr/share/texlive/texmf-dist/tex/latex/fancyhdr/fancyhdr.sty
Package: fancyhdr 2021/01/28 v4.0.1 Extensive control of page headers and footers
\f@nch@headwidth=\skip64
\f@nch@O@elh=\skip65
\f@nch@O@erh=\skip66
\f@nch@O@olh=\skip67
\f@nch@O@orh=\skip68
\f@nch@O@elf=\skip69
\f@nch@O@erf=\skip70
\f@nch@O@olf=\skip71
\f@nch@O@orf=\skip72
) (/usr/share/texlive/texmf-dist/tex/latex/tools/calc.sty
Package: calc 2017/05/25 v4.3 Infix arithmetic (KKT,FJ)
\calc@Acount=\count276
\calc@Bcount=\count277
\calc@Adimen=\dimen157
\calc@Bdimen=\dimen158
\calc@Askip=\skip73
\calc@Bskip=\skip74
LaTeX Info: Redefining \setlength on input line 80.
LaTeX Info: Redefining \addtolength on input line 81.
\calc@Ccount=\count278
\calc@Cskip=\skip75
)
\marginoffset=\skip76
 (/usr/share/texlive/texmf-dist/tex/latex/titlesec/titlesec.sty
Package: titlesec 2021/07/05 v2.14 Sectioning titles
\ttl@box=\box55
\beforetitleunit=\skip77
\aftertitleunit=\skip78
\ttl@plus=\dimen159
\ttl@minus=\dimen160
\ttl@toksa=\toks25
\titlewidth=\dimen161
\titlewidthlast=\dimen162
\titlewidthfirst=\dimen163
) (/usr/share/texlive/texmf-dist/tex/latex/titlesec/titletoc.sty
Package: titletoc 2021/07/05 v2.14 TOC entries
\ttl@leftsep=\dimen164
) (/usr/share/texlive/texmf-dist/tex/latex/xcolor/xcolor.sty
Package: xcolor 2021/10/31 v2.13 LaTeX color extensions (UK)
 (/usr/share/texlive/texmf-dist/tex/latex/graphics-cfg/color.cfg
File: color.cfg 2016/01/02 v1.6 sample color configuration
)
Package xcolor Info: Package option `usenames' ignored on input line 218.
Package xcolor Info: Driver file: pdftex.def on input line 227.
Package xcolor Info: Model `cmy' substituted by `cmy0' on input line 1352.
Package xcolor Info: Model `hsb' substituted by `rgb' on input line 1356.
Package xcolor Info: Model `RGB' extended on input line 1368.
Package xcolor Info: Model `HTML' substituted by `rgb' on input line 1370.
Package xcolor Info: Model `Hsb' substituted by `hsb' on input line 1371.
Package xcolor Info: Model `tHsb' substituted by `hsb' on input line 1372.
Package xcolor Info: Model `HSB' substituted by `hsb' on input line 1373.
Package xcolor Info: Model `Gray' substituted by `gray' on input line 1374.
Package xcolor Info: Model `wave' substituted by `hsb' on input line 1375.
 (/usr/share/texlive/texmf-dist/tex/latex/xcolor/svgnam.def
File: svgnam.def 2021/10/31 v2.13 Predefined colors according to SVG 1.1 (UK)
)) (/usr/share/texlive/texmf-dist/tex/latex/biblatex/biblatex.sty
Package: biblatex 2022/02/02 v3.17 programmable bibliographies (PK/MW)
 (/usr/share/texlive/texmf-dist/tex/generic/pdftexcmds/pdftexcmds.sty
Package: pdftexcmds 2020-06-27 v0.33 Utility functions of pdfTeX for LuaTeX (HO)
 (/usr/share/texlive/texmf-dist/tex/generic/infwarerr/infwarerr.sty
Package: infwarerr 2019/12/03 v1.5 Providing info/warning/error messages (HO)
) (/usr/share/texlive/texmf-dist/tex/generic/ltxcmds/ltxcmds.sty
Package: ltxcmds 2020-05-10 v1.25 LaTeX kernel commands for general use (HO)
)
Package pdftexcmds Info: \pdf@primitive is available.
Package pdftexcmds Info: \pdf@ifprimitive is available.
Package pdftexcmds Info: \pdfdraftmode found.
) (/usr/share/texlive/texmf-dist/tex/latex/kvoptions/kvoptions.sty
Package: kvoptions 2020-10-07 v3.14 Key value format for package options (HO)
 (/usr/share/texlive/texmf-dist/tex/generic/kvsetkeys/kvsetkeys.sty
Package: kvsetkeys 2019/12/15 v1.18 Key value parser (HO)
)) (/usr/share/texlive/texmf-dist/tex/latex/logreq/logreq.sty
Package: logreq 2010/08/04 v1.0 xml request logger
\lrq@indent=\count279
 (/usr/share/texlive/texmf-dist/tex/latex/logreq/logreq.def
File: logreq.def 2010/08/04 v1.0 logreq spec v1.0
)) (/usr/share/texlive/texmf-dist/tex/latex/base/ifthen.sty
Package: ifthen 2020/11/24 v1.1c Standard LaTeX ifthen package (DPC)
) (/usr/share/texlive/texmf-dist/tex/latex/url/url.sty
\Urlmuskip=\muskip16
Package: url 2013/09/16  ver 3.4  Verb mode for urls, etc.
)
\c@tabx@nest=\count280
\c@listtotal=\count281
\c@listcount=\count282
\c@liststart=\count283
\c@liststop=\count284
\c@citecount=\count285
\c@citetotal=\count286
\c@multicitecount=\count287
\c@multicitetotal=\count288
\c@instcount=\count289
\c@maxnames=\count290
\c@minnames=\count291
\c@maxitems=\count292
\c@minitems=\count293
\c@citecounter=\count294
\c@maxcitecounter=\count295
\c@savedcitecounter=\count296
\c@uniquelist=\count297
\c@uniquename=\count298
\c@refsection=\count299
\c@refsegment=\count300
\c@maxextratitle=\count301
\c@maxextratitleyear=\count302
\c@maxextraname=\count303
\c@maxextradate=\count304
\c@maxextraalpha=\count305
\c@abbrvpenalty=\count306
\c@highnamepenalty=\count307
\c@lownamepenalty=\count308
\c@maxparens=\count309
\c@parenlevel=\count310
\blx@tempcnta=\count311
\blx@tempcntb=\count312
\blx@tempcntc=\count313
\c@blx@maxsection=\count314
\c@blx@maxsegment@0=\count315
\blx@notetype=\count316
\blx@parenlevel@text=\count317
\blx@parenlevel@foot=\count318
\c@blx@sectionciteorder@0=\count319
\blx@entrysetcounter=\count320
\blx@biblioinstance=\count321
\labelnumberwidth=\skip79
\labelalphawidth=\skip80
\biblabelsep=\skip81
\bibitemsep=\skip82
\bibnamesep=\skip83
\bibinitsep=\skip84
\bibparsep=\skip85
\bibhang=\skip86
\blx@bcfin=\read2
\blx@bcfout=\write3
\blx@langwohyphens=\language7
\c@mincomprange=\count322
\c@maxcomprange=\count323
\c@mincompwidth=\count324
Package biblatex Info: Trying to load biblatex default data model...
Package biblatex Info: ... file 'blx-dm.def' found.
 (/usr/share/texlive/texmf-dist/tex/latex/biblatex/blx-dm.def
File: blx-dm.def 2022/02/02 v3.17 biblatex localization (PK/MW)
)
Package biblatex Info: Trying to load biblatex citestyle data model...
Package biblatex Info: ... file 'numeric.dbx' not found.
Package biblatex Info: Trying to load biblatex custom data model...
Package biblatex Info: ... file 'biblatex-dm.cfg' not found.
\c@afterword=\count325
\c@savedafterword=\count326
\c@annotator=\count327
\c@savedannotator=\count328
\c@author=\count329
\c@savedauthor=\count330
\c@bookauthor=\count331
\c@savedbookauthor=\count332
\c@commentator=\count333
\c@savedcommentator=\count334
\c@editor=\count335
\c@savededitor=\count336
\c@editora=\count337
\c@savededitora=\count338
\c@editorb=\count339
\c@savededitorb=\count340
\c@editorc=\count341
\c@savededitorc=\count342
\c@foreword=\count343
\c@savedforeword=\count344
\c@holder=\count345
\c@savedholder=\count346
\c@introduction=\count347
\c@savedintroduction=\count348
\c@namea=\count349
\c@savednamea=\count350
\c@nameb=\count351
\c@savednameb=\count352
\c@namec=\count353
\c@savednamec=\count354
\c@translator=\count355
\c@savedtranslator=\count356
\c@shortauthor=\count357
\c@savedshortauthor=\count358
\c@shorteditor=\count359
\c@savedshorteditor=\count360
\c@labelname=\count361
\c@savedlabelname=\count362
\c@institution=\count363
\c@savedinstitution=\count364
\c@lista=\count365
\c@savedlista=\count366
\c@listb=\count367
\c@savedlistb=\count368
\c@listc=\count369
\c@savedlistc=\count370
\c@listd=\count371
\c@savedlistd=\count372
\c@liste=\count373
\c@savedliste=\count374
\c@listf=\count375
\c@savedlistf=\count376
\c@location=\count377
\c@savedlocation=\count378
\c@organization=\count379
\c@savedorganization=\count380
\c@origlocation=\count381
\c@savedoriglocation=\count382
\c@origpublisher=\count383
\c@savedorigpublisher=\count384
\c@publisher=\count385
\c@savedpublisher=\count386
\c@language=\count387
\c@savedlanguage=\count388
\c@origlanguage=\count389
\c@savedoriglanguage=\count390
\c@pageref=\count391
\c@savedpageref=\count392
\shorthandwidth=\skip87
\shortjournalwidth=\skip88
\shortserieswidth=\skip89
\shorttitlewidth=\skip90
\shortauthorwidth=\skip91
\shorteditorwidth=\skip92
\locallabelnumberwidth=\skip93
\locallabelalphawidth=\skip94
\localshorthandwidth=\skip95
\localshortjournalwidth=\skip96
\localshortserieswidth=\skip97
\localshorttitlewidth=\skip98
\localshortauthorwidth=\skip99
\localshorteditorwidth=\skip100
Package biblatex Info: Trying to load compatibility code...
Package biblatex Info: ... file 'blx-compat.def' found.
 (/usr/share/texlive/texmf-dist/tex/latex/biblatex/blx-compat.def
File: blx-compat.def 2022/02/02 v3.17 biblatex compatibility (PK/MW)
)
Package biblatex Info: Trying to load generic definitions...
Package biblatex Info: ... file 'biblatex.def' found.
 (/usr/share/texlive/texmf-dist/tex/latex/biblatex/biblatex.def
File: biblatex.def 2022/02/02 v3.17 biblatex compatibility (PK/MW)
\c@textcitecount=\count393
\c@textcitetotal=\count394
\c@textcitemaxnames=\count395
\c@biburlbigbreakpenalty=\count396
\c@biburlbreakpenalty=\count397
\c@biburlnumpenalty=\count398
\c@biburlucpenalty=\count399
\c@biburllcpenalty=\count400
\biburlbigskip=\muskip17
\biburlnumskip=\muskip18
\biburlucskip=\muskip19
\biburllcskip=\muskip20
\c@smartand=\count401
)
Package biblatex Info: Trying to load bibliography style 'numeric'...
Package biblatex Info: ... file 'numeric.bbx' found.
 (/usr/share/texlive/texmf-dist/tex/latex/biblatex/bbx/numeric.bbx
File: numeric.bbx 2022/02/02 v3.17 biblatex bibliography style (PK/MW)
Package biblatex Info: Trying to load bibliography style 'standard'...
Package biblatex Info: ... file 'standard.bbx' found.
 (/usr/share/texlive/texmf-dist/tex/latex/biblatex/bbx/standard.bbx
File: standard.bbx 2022/02/02 v3.17 biblatex bibliography style (PK/MW)
\c@bbx:relatedcount=\count402
\c@bbx:relatedtotal=\count403
))
Package biblatex Info: Trying to load citation style 'numeric'...
Package biblatex Info: ... file 'numeric.cbx' found.
 (/usr/share/texlive/texmf-dist/tex/latex/biblatex/cbx/numeric.cbx
File: numeric.cbx 2022/02/02 v3.17 biblatex citation style (PK/MW)
Package biblatex Info: Redefining '\cite'.
Package biblatex Info: Redefining '\parencite'.
Package biblatex Info: Redefining '\footcite'.
Package biblatex Info: Redefining '\footcitetext'.
Package biblatex Info: Redefining '\smartcite'.
Package biblatex Info: Redefining '\supercite'.
Package biblatex Info: Redefining '\textcite'.
Package biblatex Info: Redefining '\textcites'.
Package biblatex Info: Redefining '\cites'.
Package biblatex Info: Redefining '\parencites'.
Package biblatex Info: Redefining '\smartcites'.
)
Package biblatex Info: Trying to load configuration file...
Package biblatex Info: ... file 'biblatex.cfg' found.
 (/usr/share/texlive/texmf-dist/tex/latex/biblatex/biblatex.cfg
File: biblatex.cfg 
)
Package biblatex Info: Input encoding 'utf8' detected.
Package biblatex Info: Document encoding is UTF8 ....
Package biblatex Info: ... and expl3
(biblatex)             2022-01-21 L3 programming layer (loader) 
(biblatex)             is new enough (at least 2020/04/06),
(biblatex)             setting 'casechanger=expl3'.
 (/usr/share/texlive/texmf-dist/tex/latex/biblatex/blx-case-expl3.sty
Package: blx-case-expl3 2022/02/02 v3.17 expl3 case changing code for biblatex
)) (/usr/share/texlive/texmf-dist/tex/latex/booktabs/booktabs.sty
Package: booktabs 2020/01/12 v1.61803398 Publication quality tables
\heavyrulewidth=\dimen165
\lightrulewidth=\dimen166
\cmidrulewidth=\dimen167
\belowrulesep=\dimen168
\belowbottomsep=\dimen169
\aboverulesep=\dimen170
\abovetopsep=\dimen171
\cmidrulesep=\dimen172
\cmidrulekern=\dimen173
\defaultaddspace=\dimen174
\@cmidla=\count404
\@cmidlb=\count405
\@aboverulesep=\dimen175
\@belowrulesep=\dimen176
\@thisruleclass=\count406
\@lastruleclass=\count407
\@thisrulewidth=\dimen177
) (/usr/share/texlive/texmf-dist/tex/latex/tools/array.sty
Package: array 2021/10/04 v2.5f Tabular extension package (FMi)
\col@sep=\dimen178
\ar@mcellbox=\box56
\extrarowheight=\dimen179
\NC@list=\toks26
\extratabsurround=\skip101
\backup@length=\skip102
\ar@cellbox=\box57
) (/usr/share/texlive/texmf-dist/tex/latex/enumitem/enumitem.sty
Package: enumitem 2019/06/20 v3.9 Customized lists
\labelindent=\skip103
\enit@outerparindent=\dimen180
\enit@toks=\toks27
\enit@inbox=\box58
\enit@count@id=\count408
\enitdp@description=\count409
) (/usr/share/texlive/texmf-dist/tex/latex/hyperref/hyperref.sty
Package: hyperref 2021-06-07 v7.00m Hypertext links for LaTeX
 (/usr/share/texlive/texmf-dist/tex/generic/kvdefinekeys/kvdefinekeys.sty
Package: kvdefinekeys 2019-12-19 v1.6 Define keys (HO)
) (/usr/share/texlive/texmf-dist/tex/generic/pdfescape/pdfescape.sty
Package: pdfescape 2019/12/09 v1.15 Implements pdfTeX's escape features (HO)
) (/usr/share/texlive/texmf-dist/tex/latex/hycolor/hycolor.sty
Package: hycolor 2020-01-27 v1.10 Color options for hyperref/bookmark (HO)
) (/usr/share/texlive/texmf-dist/tex/latex/letltxmacro/letltxmacro.sty
Package: letltxmacro 2019/12/03 v1.6 Let assignment for LaTeX macros (HO)
) (/usr/share/texlive/texmf-dist/tex/latex/auxhook/auxhook.sty
Package: auxhook 2019-12-17 v1.6 Hooks for auxiliary files (HO)
)
\@linkdim=\dimen181
\Hy@linkcounter=\count410
\Hy@pagecounter=\count411
 (/usr/share/texlive/texmf-dist/tex/latex/hyperref/pd1enc.def
File: pd1enc.def 2021-06-07 v7.00m Hyperref: PDFDocEncoding definition (HO)
Now handling font encoding PD1 ...
... no UTF-8 mapping file for font encoding PD1
) (/usr/share/texlive/texmf-dist/tex/latex/hyperref/hyperref-langpatches.def
File: hyperref-langpatches.def 2021-06-07 v7.00m Hyperref: patches for babel languages
) (/usr/share/texlive/texmf-dist/tex/generic/intcalc/intcalc.sty
Package: intcalc 2019/12/15 v1.3 Expandable calculations with integers (HO)
) (/usr/share/texlive/texmf-dist/tex/generic/etexcmds/etexcmds.sty
Package: etexcmds 2019/12/15 v1.7 Avoid name clashes with e-TeX commands (HO)
)
\Hy@SavedSpaceFactor=\count412
 (/usr/share/texlive/texmf-dist/tex/latex/hyperref/puenc.def
File: puenc.def 2021-06-07 v7.00m Hyperref: PDF Unicode definition (HO)
Now handling font encoding PU ...
... no UTF-8 mapping file for font encoding PU
)
Package hyperref Info: Hyper figures OFF on input line 4192.
Package hyperref Info: Link nesting OFF on input line 4197.
Package hyperref Info: Hyper index ON on input line 4200.
Package hyperref Info: Plain pages OFF on input line 4207.
Package hyperref Info: Backreferencing OFF on input line 4212.
Package hyperref Info: Implicit mode ON; LaTeX internals redefined.
Package hyperref Info: Bookmarks ON on input line 4445.
\c@Hy@tempcnt=\count413
LaTeX Info: Redefining \url on input line 4804.
\XeTeXLinkMargin=\dimen182
 (/usr/share/texlive/texmf-dist/tex/generic/bitset/bitset.sty
Package: bitset 2019/12/09 v1.3 Handle bit-vector datatype (HO)
 (/usr/share/texlive/texmf-dist/tex/generic/bigintcalc/bigintcalc.sty
Package: bigintcalc 2019/12/15 v1.5 Expandable calculations on big integers (HO)
))
\Fld@menulength=\count414
\Field@Width=\dimen183
\Fld@charsize=\dimen184
Package hyperref Info: Hyper figures OFF on input line 6076.
Package hyperref Info: Link nesting OFF on input line 6081.
Package hyperref Info: Hyper index ON on input line 6084.
Package hyperref Info: backreferencing OFF on input line 6091.
Package hyperref Info: Link coloring OFF on input line 6096.
Package hyperref Info: Link coloring with OCG OFF on input line 6101.
Package hyperref Info: PDF/A mode OFF on input line 6106.
LaTeX Info: Redefining \ref on input line 6146.
LaTeX Info: Redefining \pageref on input line 6150.
 (/usr/share/texlive/texmf-dist/tex/latex/base/atbegshi-ltx.sty
Package: atbegshi-ltx 2021/01/10 v1.0c Emulation of the original atbegshi
package with kernel methods
)
\Hy@abspage=\count415
\c@Item=\count416
\c@Hfootnote=\count417
)
Package hyperref Info: Driver (autodetected): hpdftex.
 (/usr/share/texlive/texmf-dist/tex/latex/hyperref/hpdftex.def
File: hpdftex.def 2021-06-07 v7.00m Hyperref driver for pdfTeX
 (/usr/share/texlive/texmf-dist/tex/latex/base/atveryend-ltx.sty
Package: atveryend-ltx 2020/08/19 v1.0a Emulation of the original atveryend package
with kernel methods
)
\Fld@listcount=\count418
\c@bookmark@seq@number=\count419
 (/usr/share/texlive/texmf-dist/tex/latex/rerunfilecheck/rerunfilecheck.sty
Package: rerunfilecheck 2019/12/05 v1.9 Rerun checks for auxiliary files (HO)
 (/usr/share/texlive/texmf-dist/tex/generic/uniquecounter/uniquecounter.sty
Package: uniquecounter 2019/12/15 v1.4 Provide unlimited unique counter (HO)
)
Package uniquecounter Info: New unique counter `rerunfilecheck' on input line 286.
)
\Hy@SectionHShift=\skip104
)
Package hyperref Info: Option `colorlinks' set `true' on input line 329.
 (/usr/share/texlive/texmf-dist/tex/latex/listings/listings.sty
\lst@mode=\count420
\lst@gtempboxa=\box59
\lst@token=\toks28
\lst@length=\count421
\lst@currlwidth=\dimen185
\lst@column=\count422
\lst@pos=\count423
\lst@lostspace=\dimen186
\lst@width=\dimen187
\lst@newlines=\count424
\lst@lineno=\count425
\lst@maxwidth=\dimen188
 (/usr/share/texlive/texmf-dist/tex/latex/listings/lstmisc.sty
File: lstmisc.sty 2020/03/24 1.8d (Carsten Heinz)
\c@lstnumber=\count426
\lst@skipnumbers=\count427
\lst@framebox=\box60
) (/usr/share/texlive/texmf-dist/tex/latex/listings/listings.cfg
File: listings.cfg 2020/03/24 1.8d listings configuration
))
Package: listings 2020/03/24 1.8d (Carsten Heinz)
)
\@quotelevel=\count428
\@quotereset=\count429
 (./template.aux)
\openout1 = `template.aux'.

LaTeX Font Info:    Checking defaults for OML/cmm/m/it on input line 45.
LaTeX Font Info:    ... okay on input line 45.
LaTeX Font Info:    Checking defaults for OMS/cmsy/m/n on input line 45.
LaTeX Font Info:    ... okay on input line 45.
LaTeX Font Info:    Checking defaults for OT1/cmr/m/n on input line 45.
LaTeX Font Info:    ... okay on input line 45.
LaTeX Font Info:    Checking defaults for T1/cmr/m/n on input line 45.
LaTeX Font Info:    ... okay on input line 45.
LaTeX Font Info:    Checking defaults for TS1/cmr/m/n on input line 45.
LaTeX Font Info:    ... okay on input line 45.
LaTeX Font Info:    Checking defaults for OMX/cmex/m/n on input line 45.
LaTeX Font Info:    ... okay on input line 45.
LaTeX Font Info:    Checking defaults for U/cmr/m/n on input line 45.
LaTeX Font Info:    ... okay on input line 45.
LaTeX Font Info:    Checking defaults for PD1/pdf/m/n on input line 45.
LaTeX Font Info:    ... okay on input line 45.
LaTeX Font Info:    Checking defaults for PU/pdf/m/n on input line 45.
LaTeX Font Info:    ... okay on input line 45.
 (/usr/share/texlive/texmf-dist/tex/context/base/mkii/supp-pdf.mkii
[Loading MPS to PDF converter (version 2006.09.02).]
\scratchcounter=\count430
\scratchdimen=\dimen189
\scratchbox=\box61
\nofMPsegments=\count431
\nofMParguments=\count432
\everyMPshowfont=\toks29
\MPscratchCnt=\count433
\MPscratchDim=\dimen190
\MPnumerator=\count434
\makeMPintoPDFobject=\count435
\everyMPtoPDFconversion=\toks30
) (/usr/share/texlive/texmf-dist/tex/latex/epstopdf-pkg/epstopdf-base.sty
Package: epstopdf-base 2020-01-24 v2.11 Base part for package epstopdf
Package epstopdf-base Info: Redefining graphics rule for `.eps' on input line 485.
 (/usr/share/texlive/texmf-dist/tex/latex/latexconfig/epstopdf-sys.cfg
File: epstopdf-sys.cfg 2010/07/13 v1.3 Configuration of (r)epstopdf for TeX Live
))
Package ragged2e Info: ABD: executing \RaggedRight on input line 45.
Package lastpage Info: Please have a look at the pageslts package at
(lastpage)             https://www.ctan.org/pkg/pageslts
(lastpage)             ! on input line 45.

*geometry* driver: auto-detecting
*geometry* detected driver: pdftex
*geometry* verbose mode - [ preamble ] result:
* driver: pdftex
* paper: a4paper
* layout: <same size as paper>
* layoutoffset:(h,v)=(0.0pt,0.0pt)
* modes: 
* h-part:(L,W,R)=(56.9055pt, 334.3199pt, 206.28247pt)
* v-part:(T,H,B)=(85.35826pt, 674.33032pt, 85.35826pt)
* \paperwidth=597.50787pt
* \paperheight=845.04684pt
* \textwidth=334.3199pt
* \textheight=674.33032pt
* \oddsidemargin=-15.36449pt
* \evensidemargin=-15.36449pt
* \topmargin=-38.12675pt
* \headheight=28.45274pt
* \headsep=22.76228pt
* \topskip=12.0pt
* \footskip=42.67912pt
* \marginparwidth=120.92421pt
* \marginparsep=28.45274pt
* \columnsep=10.0pt
* \skip\footins=10.8pt plus 4.0pt minus 2.0pt
* \hoffset=0.0pt
* \voffset=0.0pt
* \mag=1000
* \@twocolumnfalse
* \@twosidefalse
* \@mparswitchfalse
* \@reversemarginfalse
* (1in=72.27pt=25.4mm, 1cm=28.453pt)

Package caption Info: Begin \AtBeginDocument code.
Package caption Info: changepage package is loaded.
\caption@adjustwidth@hsize=\dimen191
\caption@adjustwidth@linewidth=\dimen192
Package caption Info: hyperref package is loaded.
Package caption Info: listings package is loaded.
Package caption Info: End \AtBeginDocument code.
\@sidenotes@extrawidth=\skip105
\big@size=\dimen193
\c@mv@tabular=\count436
\c@mv@boldtabular=\count437
Package biblatex Info: Trying to load language 'english'...
Package biblatex Info: ... file 'english.lbx' found.
(/usr/share/texlive/texmf-dist/tex/latex/biblatex/lbx/english.lbx
File: english.lbx 2022/02/02 v3.17 biblatex localization (PK/MW)
)
Package biblatex Info: Input encoding 'utf8' detected.
Package biblatex Info: Automatic encoding selection.
(biblatex)             Assuming data encoding 'utf8'.
\openout3 = `template.bcf'.

Package biblatex Info: Trying to load bibliographic data...
Package biblatex Info: ... file 'template.bbl' found.
 (./template.bbl)
Package biblatex Info: Reference section=0 on input line 45.
Package biblatex Info: Reference segment=0 on input line 45.
Package hyperref Info: Link coloring ON on input line 45.
 (/usr/share/texlive/texmf-dist/tex/latex/hyperref/nameref.sty
Package: nameref 2021-04-02 v2.47 Cross-referencing by name of section
 (/usr/share/texlive/texmf-dist/tex/latex/refcount/refcount.sty
Package: refcount 2019/12/15 v3.6 Data extraction from label references (HO)
) (/usr/share/texlive/texmf-dist/tex/generic/gettitlestring/gettitlestring.sty
Package: gettitlestring 2019/12/15 v1.6 Cleanup title references (HO)
)
\c@section@level=\count438
)
LaTeX Info: Redefining \ref on input line 45.
LaTeX Info: Redefining \pageref on input line 45.
LaTeX Info: Redefining \nameref on input line 45.
 (./template.out) (./template.out)
\@outlinefile=\write4
\openout4 = `template.out'.

\c@lstlisting=\count439
<Images//creodocs_logo.pdf, id=104, 833.50496pt x 170.09146pt>
File: Images//creodocs_logo.pdf Graphic file (type pdf)
<use Images//creodocs_logo.pdf>
Package pdftex.def Info: Images//creodocs_logo.pdf  used on input line 56.
(pdftex.def)             Requested size: 142.26378pt x 29.02936pt.


LaTeX Font Warning: Font shape `T1/IBMPlexSans-TLF/m/n' in size <50> not available
(Font)              size <35.83> substituted on input line 60.


LaTeX Font Warning: Font shape `T1/IBMPlexSans-TLF/b/n' undefined
(Font)              using `T1/IBMPlexSans-TLF/m/n' instead on input line 60.

LaTeX Font Info:    Trying to load font information for OT1+ppl on input line 60.
(/usr/share/texlive/texmf-dist/tex/latex/psnfss/ot1ppl.fd
File: ot1ppl.fd 2001/06/04 font definitions for OT1/ppl.
)
LaTeX Font Info:    Trying to load font information for OML+zplm on input line 60.
 (/usr/share/texlive/texmf-dist/tex/latex/psnfss/omlzplm.fd
File: omlzplm.fd 2002/09/08 Fontinst v1.914 font definitions for OML/zplm.
)
LaTeX Font Info:    Trying to load font information for OMS+zplm on input line 60.
 (/usr/share/texlive/texmf-dist/tex/latex/psnfss/omszplm.fd
File: omszplm.fd 2002/09/08 Fontinst v1.914 font definitions for OMS/zplm.
)
LaTeX Font Info:    Trying to load font information for OMX+zplm on input line 60.
 (/usr/share/texlive/texmf-dist/tex/latex/psnfss/omxzplm.fd
File: omxzplm.fd 2002/09/08 Fontinst v1.914 font definitions for OMX/zplm.
)
LaTeX Font Info:    Trying to load font information for OT1+zplm on input line 60.
 (/usr/share/texlive/texmf-dist/tex/latex/psnfss/ot1zplm.fd
File: ot1zplm.fd 2002/09/08 Fontinst v1.914 font definitions for OT1/zplm.
)

LaTeX Font Warning: Font shape `T1/IBMPlexSans-TLF/m/it' undefined
(Font)              using `T1/IBMPlexSans-TLF/m/n' instead on input line 64.


LaTeX Font Warning: Font shape `T1/IBMPlexSans-TLF/b/it' undefined
(Font)              using `T1/IBMPlexSans-TLF/b/n' instead on input line 64.

[1

{/var/lib/texmf/fonts/map/pdftex/updmap/pdftex.map} <./Images//creodocs_logo.pdf>]
LaTeX Font Info:    Trying to load font information for TS1+IBMPlexSans-TLF on input line 92.
LaTeX Font Info:    No file TS1IBMPlexSans-TLF.fd. on input line 92.


LaTeX Font Warning: Font shape `TS1/IBMPlexSans-TLF/m/n' undefined
(Font)              using `TS1/cmr/m/n' instead
(Font)              for symbol `textcopyright' on input line 92.

[2] (./template.toc

LaTeX Font Warning: Font shape `T1/IBMPlexSans-TLF/sb/n' undefined
(Font)              using `T1/IBMPlexSans-TLF/b/n' instead on input line 1.


LaTeX Font Warning: Font shape `T1/IBMPlexSans-TLF/sb/n' undefined
(Font)              using `T1/IBMPlexSans-TLF/b/n' instead on input line 1.


LaTeX Font Warning: Font shape `T1/IBMPlexSans-TLF/sb/n' undefined
(Font)              using `T1/IBMPlexSans-TLF/b/n' instead on input line 1.


LaTeX Font Warning: Font shape `T1/IBMPlexSans-TLF/sb/n' undefined
(Font)              using `T1/IBMPlexSans-TLF/b/n' instead on input line 2.


LaTeX Font Warning: Font shape `T1/IBMPlexSans-TLF/sb/n' undefined
(Font)              using `T1/IBMPlexSans-TLF/b/n' instead on input line 5.


LaTeX Font Warning: Font shape `T1/IBMPlexSans-TLF/sb/n' undefined
(Font)              using `T1/IBMPlexSans-TLF/b/n' instead on input line 5.


LaTeX Font Warning: Font shape `T1/IBMPlexSans-TLF/sb/n' undefined
(Font)              using `T1/IBMPlexSans-TLF/b/n' instead on input line 5.


LaTeX Font Warning: Font shape `T1/IBMPlexSans-TLF/sb/n' undefined
(Font)              using `T1/IBMPlexSans-TLF/b/n' instead on input line 6.


LaTeX Font Warning: Font shape `T1/IBMPlexSans-TLF/sb/n' undefined
(Font)              using `T1/IBMPlexSans-TLF/b/n' instead on input line 8.


LaTeX Font Warning: Font shape `T1/IBMPlexSans-TLF/sb/n' undefined
(Font)              using `T1/IBMPlexSans-TLF/b/n' instead on input line 8.


LaTeX Font Warning: Font shape `T1/IBMPlexSans-TLF/sb/n' undefined
(Font)              using `T1/IBMPlexSans-TLF/b/n' instead on input line 8.


LaTeX Font Warning: Font shape `T1/IBMPlexSans-TLF/sb/n' undefined
(Font)              using `T1/IBMPlexSans-TLF/b/n' instead on input line 9.


LaTeX Font Warning: Font shape `T1/IBMPlexSans-TLF/sb/n' undefined
(Font)              using `T1/IBMPlexSans-TLF/b/n' instead on input line 10.


LaTeX Font Warning: Font shape `T1/IBMPlexSans-TLF/sb/n' undefined
(Font)              using `T1/IBMPlexSans-TLF/b/n' instead on input line 11.


LaTeX Font Warning: Font shape `T1/IBMPlexSans-TLF/sb/n' undefined
(Font)              using `T1/IBMPlexSans-TLF/b/n' instead on input line 12.


LaTeX Font Warning: Font shape `T1/IBMPlexSans-TLF/sb/n' undefined
(Font)              using `T1/IBMPlexSans-TLF/b/n' instead on input line 13.


LaTeX Font Warning: Font shape `T1/IBMPlexSans-TLF/sb/n' undefined
(Font)              using `T1/IBMPlexSans-TLF/b/n' instead on input line 13.


LaTeX Font Warning: Font shape `T1/IBMPlexSans-TLF/sb/n' undefined
(Font)              using `T1/IBMPlexSans-TLF/b/n' instead on input line 13.


LaTeX Font Warning: Font shape `T1/IBMPlexSans-TLF/sb/n' undefined
(Font)              using `T1/IBMPlexSans-TLF/b/n' instead on input line 14.


LaTeX Font Warning: Font shape `T1/IBMPlexSans-TLF/sb/n' undefined
(Font)              using `T1/IBMPlexSans-TLF/b/n' instead on input line 14.


LaTeX Font Warning: Font shape `T1/IBMPlexSans-TLF/sb/n' undefined
(Font)              using `T1/IBMPlexSans-TLF/b/n' instead on input line 14.


LaTeX Font Warning: Font shape `T1/IBMPlexSans-TLF/sb/n' undefined
(Font)              using `T1/IBMPlexSans-TLF/b/n' instead on input line 15.


LaTeX Font Warning: Font shape `T1/IBMPlexSans-TLF/sb/n' undefined
(Font)              using `T1/IBMPlexSans-TLF/b/n' instead on input line 15.


LaTeX Font Warning: Font shape `T1/IBMPlexSans-TLF/sb/n' undefined
(Font)              using `T1/IBMPlexSans-TLF/b/n' instead on input line 15.


LaTeX Font Warning: Font shape `T1/IBMPlexSans-TLF/sb/n' undefined
(Font)              using `T1/IBMPlexSans-TLF/b/n' instead on input line 16.


LaTeX Font Warning: Font shape `T1/IBMPlexSans-TLF/sb/n' undefined
(Font)              using `T1/IBMPlexSans-TLF/b/n' instead on input line 16.


LaTeX Font Warning: Font shape `T1/IBMPlexSans-TLF/sb/n' undefined
(Font)              using `T1/IBMPlexSans-TLF/b/n' instead on input line 16.


LaTeX Font Warning: Font shape `T1/IBMPlexSans-TLF/sb/n' undefined
(Font)              using `T1/IBMPlexSans-TLF/b/n' instead on input line 17.


LaTeX Font Warning: Font shape `T1/IBMPlexSans-TLF/sb/n' undefined
(Font)              using `T1/IBMPlexSans-TLF/b/n' instead on input line 18.


LaTeX Font Warning: Font shape `T1/IBMPlexSans-TLF/sb/n' undefined
(Font)              using `T1/IBMPlexSans-TLF/b/n' instead on input line 19.


LaTeX Font Warning: Font shape `T1/IBMPlexSans-TLF/sb/n' undefined
(Font)              using `T1/IBMPlexSans-TLF/b/n' instead on input line 20.


LaTeX Font Warning: Font shape `T1/IBMPlexSans-TLF/sb/n' undefined
(Font)              using `T1/IBMPlexSans-TLF/b/n' instead on input line 20.


LaTeX Font Warning: Font shape `T1/IBMPlexSans-TLF/sb/n' undefined
(Font)              using `T1/IBMPlexSans-TLF/b/n' instead on input line 20.


LaTeX Font Warning: Font shape `T1/IBMPlexSans-TLF/sb/n' undefined
(Font)              using `T1/IBMPlexSans-TLF/b/n' instead on input line 21.


LaTeX Font Warning: Font shape `T1/IBMPlexSans-TLF/sb/n' undefined
(Font)              using `T1/IBMPlexSans-TLF/b/n' instead on input line 21.


LaTeX Font Warning: Font shape `T1/IBMPlexSans-TLF/sb/n' undefined
(Font)              using `T1/IBMPlexSans-TLF/b/n' instead on input line 21.


LaTeX Font Warning: Font shape `T1/IBMPlexSans-TLF/sb/n' undefined
(Font)              using `T1/IBMPlexSans-TLF/b/n' instead on input line 22.


LaTeX Font Warning: Font shape `T1/IBMPlexSans-TLF/sb/n' undefined
(Font)              using `T1/IBMPlexSans-TLF/b/n' instead on input line 22.


LaTeX Font Warning: Font shape `T1/IBMPlexSans-TLF/sb/n' undefined
(Font)              using `T1/IBMPlexSans-TLF/b/n' instead on input line 22.


LaTeX Font Warning: Font shape `T1/IBMPlexSans-TLF/sb/n' undefined
(Font)              using `T1/IBMPlexSans-TLF/b/n' instead on input line 23.


LaTeX Font Warning: Font shape `T1/IBMPlexSans-TLF/sb/n' undefined
(Font)              using `T1/IBMPlexSans-TLF/b/n' instead on input line 23.


LaTeX Font Warning: Font shape `T1/IBMPlexSans-TLF/sb/n' undefined
(Font)              using `T1/IBMPlexSans-TLF/b/n' instead on input line 23.


LaTeX Font Warning: Font shape `T1/IBMPlexSans-TLF/sb/n' undefined
(Font)              using `T1/IBMPlexSans-TLF/b/n' instead on input line 24.


LaTeX Font Warning: Font shape `T1/IBMPlexSans-TLF/sb/n' undefined
(Font)              using `T1/IBMPlexSans-TLF/b/n' instead on input line 24.


LaTeX Font Warning: Font shape `T1/IBMPlexSans-TLF/sb/n' undefined
(Font)              using `T1/IBMPlexSans-TLF/b/n' instead on input line 24.


LaTeX Font Warning: Font shape `T1/IBMPlexSans-TLF/sb/n' undefined
(Font)              using `T1/IBMPlexSans-TLF/b/n' instead on input line 25.


LaTeX Font Warning: Font shape `T1/IBMPlexSans-TLF/sb/n' undefined
(Font)              using `T1/IBMPlexSans-TLF/b/n' instead on input line 25.


LaTeX Font Warning: Font shape `T1/IBMPlexSans-TLF/sb/n' undefined
(Font)              using `T1/IBMPlexSans-TLF/b/n' instead on input line 26.


LaTeX Font Warning: Font shape `T1/IBMPlexSans-TLF/sb/n' undefined
(Font)              using `T1/IBMPlexSans-TLF/b/n' instead on input line 26.


LaTeX Font Warning: Font shape `T1/IBMPlexSans-TLF/sb/n' undefined
(Font)              using `T1/IBMPlexSans-TLF/b/n' instead on input line 26.


LaTeX Font Warning: Font shape `T1/IBMPlexSans-TLF/sb/n' undefined
(Font)              using `T1/IBMPlexSans-TLF/b/n' instead on input line 27.


LaTeX Font Warning: Font shape `T1/IBMPlexSans-TLF/sb/n' undefined
(Font)              using `T1/IBMPlexSans-TLF/b/n' instead on input line 27.


LaTeX Font Warning: Font shape `T1/IBMPlexSans-TLF/sb/n' undefined
(Font)              using `T1/IBMPlexSans-TLF/b/n' instead on input line 27.


LaTeX Font Warning: Font shape `T1/IBMPlexSans-TLF/sb/n' undefined
(Font)              using `T1/IBMPlexSans-TLF/b/n' instead on input line 28.


LaTeX Font Warning: Font shape `T1/IBMPlexSans-TLF/sb/n' undefined
(Font)              using `T1/IBMPlexSans-TLF/b/n' instead on input line 28.


LaTeX Font Warning: Font shape `T1/IBMPlexSans-TLF/sb/n' undefined
(Font)              using `T1/IBMPlexSans-TLF/b/n' instead on input line 28.

)
\tf@toc=\write5
\openout5 = `template.toc'.

File: Images//creodocs_logo.pdf Graphic file (type pdf)
<use Images//creodocs_logo.pdf>
Package pdftex.def Info: Images//creodocs_logo.pdf  used on input line 131.
(pdftex.def)             Requested size: 85.35826pt x 17.4176pt.
 [3]
Package marginnote Info: Margin note 4.1 is on absolute page 4 on input line 141.
Package marginnote Info: right page because not two side mode on input line 141.
Package marginnote Info: xpos seems to be 374.46385pt on input line 141.
File: Images//creodocs_logo.pdf Graphic file (type pdf)
<use Images//creodocs_logo.pdf>
Package pdftex.def Info: Images//creodocs_logo.pdf  used on input line 156.
(pdftex.def)             Requested size: 85.35826pt x 17.4176pt.
 [4]
Package marginnote Info: Margin note 5.1 is on absolute page 5 on input line 165.
Package marginnote Info: right page because not two side mode on input line 165.
Package marginnote Info: xpos seems to be 349.54785pt on input line 165.
Package marginnote Info: Margin note 5.2 is on absolute page 5 on input line 184.
Package marginnote Info: right page because not two side mode on input line 184.
Package marginnote Info: xpos seems to be 117.51161pt on input line 184.
File: Images//creodocs_logo.pdf Graphic file (type pdf)
<use Images//creodocs_logo.pdf>
Package pdftex.def Info: Images//creodocs_logo.pdf  used on input line 190.
(pdftex.def)             Requested size: 85.35826pt x 17.4176pt.
 [5]
LaTeX Font Info:    Trying to load font information for T1+IBMPlexMono-TLF on input line 193.
LaTeX Font Info:    No file T1IBMPlexMono-TLF.fd. on input line 193.


LaTeX Font Warning: Font shape `T1/IBMPlexMono-TLF/m/n' undefined
(Font)              using `T1/cmr/m/n' instead on input line 193.


LaTeX Font Warning: Font shape `T1/IBMPlexSans-TLF/el/n' undefined
(Font)              using `T1/IBMPlexSans-TLF/m/n' instead on input line 197.


LaTeX Font Warning: Font shape `T1/IBMPlexSans-TLF/l/n' undefined
(Font)              using `T1/IBMPlexSans-TLF/m/n' instead on input line 197.


LaTeX Font Warning: Font shape `T1/IBMPlexSans-TLF/sb/n' undefined
(Font)              using `T1/IBMPlexSans-TLF/b/n' instead on input line 197.


LaTeX Font Warning: Font shape `T1/IBMPlexSans-TLF/c/n' undefined
(Font)              using `T1/IBMPlexSans-TLF/m/n' instead on input line 203.

Package marginnote Info: Margin note 6.1 is on absolute page 6 on input line 211.
Package marginnote Info: right page because not two side mode on input line 211.
Package marginnote Info: xpos seems to be 205.22345pt on input line 211.

Overfull \hbox (31.14612pt too wide) in paragraph at lines 219--220
\T1/IBMPlexSans-TLF/m/it/12 max-imus ul-lam-cor-per lec-tus, a phare-tra mi sagit-tis ali-quet. Scelerisque 
 []

File: Images//creodocs_logo.pdf Graphic file (type pdf)
<use Images//creodocs_logo.pdf>
Package pdftex.def Info: Images//creodocs_logo.pdf  used on input line 244.
(pdftex.def)             Requested size: 85.35826pt x 17.4176pt.
[6]
<Images//placeholder.jpg, id=216, 351.3125pt x 193.72375pt>
File: Images//placeholder.jpg Graphic file (type jpg)
<use Images//placeholder.jpg>
Package pdftex.def Info: Images//placeholder.jpg  used on input line 294.
(pdftex.def)             Requested size: 120.92421pt x 66.68105pt.
<Images//ARR.pdf, id=217, 1371.1225pt x 469.755pt>
File: Images//ARR.pdf Graphic file (type pdf)
<use Images//ARR.pdf>
Package pdftex.def Info: Images//ARR.pdf  used on input line 301.
(pdftex.def)             Requested size: 334.3199pt x 114.53546pt.
File: Images//ARR.pdf Graphic file (type pdf)
<use Images//ARR.pdf>
Package pdftex.def Info: Images//ARR.pdf  used on input line 309.
(pdftex.def)             Requested size: 483.69685pt x 165.7141pt.
File: Images//creodocs_logo.pdf Graphic file (type pdf)
<use Images//creodocs_logo.pdf>
Package pdftex.def Info: Images//creodocs_logo.pdf  used on input line 322.
(pdftex.def)             Requested size: 85.35826pt x 17.4176pt.
 [7 <./Images//placeholder.jpg> <./Images//ARR.pdf>]
Package marginnote Info: Margin note 8.1 is on absolute page 8 on input line 344.
Package marginnote Info: right page because not two side mode on input line 344.
Package marginnote Info: xpos seems to be 57.4055pt on input line 344.
File: Images//creodocs_logo.pdf Graphic file (type pdf)
<use Images//creodocs_logo.pdf>
Package pdftex.def Info: Images//creodocs_logo.pdf  used on input line 349.
(pdftex.def)             Requested size: 85.35826pt x 17.4176pt.
 [8]
File: Images//creodocs_logo.pdf Graphic file (type pdf)
<use Images//creodocs_logo.pdf>
Package pdftex.def Info: Images//creodocs_logo.pdf  used on input line 391.
(pdftex.def)             Requested size: 85.35826pt x 17.4176pt.
 [9]
Package marginnote Info: Margin note 10.1 is on absolute page 10 on input line 393.
Package marginnote Info: right page because not two side mode on input line 393.
Package marginnote Info: xpos seems to be 243.65294pt on input line 393.
Package marginnote Info: Margin note 10.2 is on absolute page 10 on input line 395.
Package marginnote Info: right page because not two side mode on input line 395.
Package marginnote Info: xpos seems to be 239.01935pt on input line 395.
File: Images//creodocs_logo.pdf Graphic file (type pdf)
<use Images//creodocs_logo.pdf>
Package pdftex.def Info: Images//creodocs_logo.pdf  used on input line 445.
(pdftex.def)             Requested size: 85.35826pt x 17.4176pt.
 [10]
File: Images//creodocs_logo.pdf Graphic file (type pdf)
<use Images//creodocs_logo.pdf>
Package pdftex.def Info: Images//creodocs_logo.pdf  used on input line 467.
(pdftex.def)             Requested size: 85.35826pt x 17.4176pt.
 [11]
File: Images//creodocs_logo.pdf Graphic file (type pdf)
<use Images//creodocs_logo.pdf>
Package pdftex.def Info: Images//creodocs_logo.pdf  used on input line 479.
(pdftex.def)             Requested size: 85.35826pt x 17.4176pt.
 [12] 
AED: lastpage setting LastPage
File: Images//creodocs_logo.pdf Graphic file (type pdf)
<use Images//creodocs_logo.pdf>
Package pdftex.def Info: Images//creodocs_logo.pdf  used on input line 501.
(pdftex.def)             Requested size: 85.35826pt x 17.4176pt.
[13] (./template.aux)

LaTeX Font Warning: Size substitutions with differences
(Font)              up to 14.17pt have occurred.


LaTeX Font Warning: Some font shapes were not available, defaults substituted.

Package rerunfilecheck Info: File `template.out' has not changed.
(rerunfilecheck)             Checksum: 5F05D673B0DF827CE4DD8956CCF896A5;3346.
Package logreq Info: Writing requests to 'template.run.xml'.
\openout1 = `template.run.xml'.

 ) 
Here is how much of TeX's memory you used:
 22746 strings out of 480171
 395884 string characters out of 5894488
 1143483 words of memory out of 5000000
 40289 multiletter control sequences out of 15000+600000
 506068 words of font info for 100 fonts, out of 8000000 for 9000
 59 hyphenation exceptions out of 8191
 83i,16n,91p,936b,1876s stack positions out of 5000i,500n,10000p,200000b,80000s
 </home/christian/.texlive2021/texmf-var/fonts/pk/ljfour/jknappen/ec/tcrm1728.600pk>{/usr/share/texlive/texmf-dist/fonts/enc/dvips/base/8r.enc} </home/christian/.texlive2021/texmf-var/fonts/pk/ljfour/jknappen/ec/ecrm2488.600pk> </home/christian/.texlive2021/texmf-var/fonts/pk/ljfour/jknappen/ec/ecrm1095.600pk> </home/christian/.texlive2021/texmf-var/fonts/pk/ljfour/jknappen/ec/ecrm0600.600pk> </home/christian/.texlive2021/texmf-var/fonts/pk/ljfour/jknappen/ec/ecrm0900.600pk> </home/christian/.texlive2021/texmf-var/fonts/pk/ljfour/jknappen/ec/ecrm0800.600pk> </home/christian/.texlive2021/texmf-var/fonts/pk/ljfour/jknappen/ec/ecrm1200.600pk> </home/christian/.texlive2021/texmf-var/fonts/pk/ljfour/jknappen/ec/tcrm1000.600pk> </home/christian/.texlive2021/texmf-var/fonts/pk/ljfour/jknappen/ec/ecrm1000.600pk> </home/christian/.texlive2021/texmf-var/fonts/pk/ljfour/jknappen/ec/ecrm1440.600pk> </home/christian/.texlive2021/texmf-var/fonts/pk/ljfour/jknappen/ec/ecrm1728.600pk> </home/christian/.texlive2021/texmf-var/fonts/pk/ljfour/jknappen/ec/ecrm2074.600pk> </home/christian/.texlive2021/texmf-var/fonts/pk/ljfour/jknappen/ec/ecrm3583.600pk></usr/share/texlive/texmf-dist/fonts/type1/public/amsfonts/cm/cmr10.pfb></usr/share/texlive/texmf-dist/fonts/type1/public/mathpazo/fplmri.pfb></usr/share/texlive/texmf-dist/fonts/type1/urw/palatino/uplbi8a.pfb></usr/share/texlive/texmf-dist/fonts/type1/urw/palatino/uplr8a.pfb></usr/share/texlive/texmf-dist/fonts/type1/urw/palatino/uplri8a.pfb>
Output written on template.pdf (13 pages, 246129 bytes).
PDF statistics:
 853 PDF objects out of 1000 (max. 8388607)
 339 compressed objects within 4 object streams
 82 named destinations out of 1000 (max. 500000)
 216 words of extra memory for PDF output out of 10000 (max. 10000000)

