\BOOKMARK [1][-]{section.1}{\376\377\000S\000e\000c\000t\000i\000o\000n\000\040\000T\000i\000t\000l\000e}{}% 1
\BOOKMARK [2][-]{subsection.1.1}{\376\377\000S\000u\000b\000s\000e\000c\000t\000i\000o\000n\000\040\000T\000i\000t\000l\000e}{section.1}% 2
\BOOKMARK [1][-]{section.2}{\376\377\000S\000h\000o\000r\000t\000\040\000v\000e\000r\000s\000i\000o\000n\000\040\000o\000f\000\040\000l\000o\000n\000g\000\040\000s\000e\000c\000t\000i\000o\000n\000\040\000t\000i\000t\000l\000e}{}% 3
\BOOKMARK [2][-]{subsection.2.1}{\376\377\000S\000h\000o\000r\000t\000\040\000v\000e\000r\000s\000i\000o\000n\000\040\000o\000f\000\040\000l\000o\000n\000g\000\040\000s\000u\000b\000s\000e\000c\000t\000i\000o\000n\000\040\000t\000i\000t\000l\000e}{section.2}% 4
\BOOKMARK [1][-]{section.3}{\376\377\000F\000o\000n\000t\000\040\000E\000x\000a\000m\000p\000l\000e\000s}{}% 5
\BOOKMARK [2][-]{subsection.3.1}{\376\377\000F\000o\000n\000t\000\040\000S\000i\000z\000e\000s}{section.3}% 6
\BOOKMARK [2][-]{subsection.3.2}{\376\377\000F\000o\000n\000t\000\040\000F\000a\000m\000i\000l\000i\000e\000s}{section.3}% 7
\BOOKMARK [2][-]{subsection.3.3}{\376\377\000F\000o\000n\000t\000\040\000W\000e\000i\000g\000h\000t\000s}{section.3}% 8
\BOOKMARK [2][-]{subsection.3.4}{\376\377\000C\000o\000n\000d\000e\000n\000s\000e\000d\000\040\000F\000o\000n\000t\000s}{section.3}% 9
\BOOKMARK [1][-]{section.4}{\376\377\000Q\000u\000o\000t\000a\000t\000i\000o\000n\000s}{}% 10
\BOOKMARK [1][-]{section.5}{\376\377\000T\000a\000b\000l\000e\000\040\000E\000x\000a\000m\000p\000l\000e\000s}{}% 11
\BOOKMARK [1][-]{section.6}{\376\377\000F\000i\000g\000u\000r\000e\000\040\000E\000x\000a\000m\000p\000l\000e\000s}{}% 12
\BOOKMARK [1][-]{section.7}{\376\377\000L\000i\000s\000t\000\040\000E\000x\000a\000m\000p\000l\000e\000s}{}% 13
\BOOKMARK [2][-]{subsection.7.1}{\376\377\000B\000u\000l\000l\000e\000t\000\040\000P\000o\000i\000n\000t\000\040\000L\000i\000s\000t}{section.7}% 14
\BOOKMARK [2][-]{subsection.7.2}{\376\377\000N\000u\000m\000b\000e\000r\000e\000d\000\040\000L\000i\000s\000t}{section.7}% 15
\BOOKMARK [2][-]{subsection.7.3}{\376\377\000D\000e\000s\000c\000r\000i\000p\000t\000i\000o\000n\000\040\000L\000i\000s\000t}{section.7}% 16
\BOOKMARK [1][-]{section.8}{\376\377\000R\000e\000f\000e\000r\000e\000n\000c\000i\000n\000g\000\040\000C\000i\000t\000a\000t\000i\000o\000n\000s}{}% 17
\BOOKMARK [1][-]{section.9}{\376\377\000L\000i\000n\000k\000\040\000E\000x\000a\000m\000p\000l\000e\000s}{}% 18
\BOOKMARK [1][-]{section.10}{\376\377\000E\000q\000u\000a\000t\000i\000o\000n}{}% 19
\BOOKMARK [1][-]{section.11}{\376\377\000I\000n\000t\000e\000r\000n\000a\000t\000i\000o\000n\000a\000l\000\040\000S\000u\000p\000p\000o\000r\000t}{}% 20
\BOOKMARK [1][-]{section.12}{\376\377\000D\000i\000s\000p\000l\000a\000y\000i\000n\000g\000\040\000C\000o\000d\000e}{}% 21
\BOOKMARK [1][-]{lstnumber.-1.16}{\376\377\000R\000e\000f\000e\000r\000e\000n\000c\000e\000\040\000L\000i\000s\000t}{}% 22
\BOOKMARK [1][-]{appendix.a.A}{\376\377\000A\000p\000p\000e\000n\000d\000i\000x\000\040\000S\000e\000c\000t\000i\000o\000n}{}% 23
\BOOKMARK [1][-]{appendix.a.B}{\376\377\000A\000p\000p\000e\000n\000d\000i\000x\000\040\000S\000e\000c\000t\000i\000o\000n}{}% 24
\BOOKMARK [1][-]{appendix.a.C}{\376\377\000A\000p\000p\000e\000n\000d\000i\000x\000\040\000S\000e\000c\000t\000i\000o\000n}{}% 25
